usage: train.py [-h] [-p PRINT_FREQ] [-c CKPT_FREQ] [--output OUTPUT]
                [--resume PATH] [--debug DEBUG]
                DIR
train.py: error: the following arguments are required: DIR
2023-09-04 12:14:47.628923: I tensorflow/core/platform/cpu_feature_guard.cc:182] This TensorFlow binary is optimized to use available CPU instructions in performance-critical operations.
To enable the following instructions: AVX2 FMA, in other operations, rebuild TensorFlow with the appropriate compiler flags.
2023-09-04 12:14:48.066012: W tensorflow/compiler/tf2tensorrt/utils/py_utils.cc:38] TF-TRT Warning: Could not find TensorRT
{'dataset': {'crop_ratio': [0.9, 1.0],
             'default_fps': None,
             'downsample_rate': 1,
             'feat_folder': './data/thumos/i3d_features',
             'feat_stride': 4,
             'file_ext': '.npy',
             'file_prefix': None,
             'force_upsampling': False,
             'input_dim': 2048,
             'json_file': './data/thumos/annotations/thumos14.json',
             'max_seq_len': 2304,
             'num_classes': 20,
             'num_frames': 16,
             'trunc_thresh': 0.5},
 'dataset_name': 'thumos_AVF',
 'devices': ['cuda:0'],
 'init_rand_seed': 1234567891,
 'loader': {'batch_size': 2, 'num_workers': 4},
 'model': {'backbone_arch': (2, 2, 5, 1, 2),
           'backbone_type': 'AVFusionConvTransformer',
           'embd_dim': 512,
           'embd_kernel_size': 3,
           'embd_with_ln': True,
           'fpn_dim': 512,
           'fpn_start_level': 0,
           'fpn_type': 'identity',
           'fpn_with_ln': True,
           'head_dim': 512,
           'head_kernel_size': 3,
           'head_num_layers': 3,
           'head_with_ln': True,
           'input_dim': 2048,
           'max_buffer_len_factor': 6.0,
           'max_seq_len': 2304,
           'n_head': 4,
           'n_mha_win_size': 19,
           'num_classes': 20,
           'regression_range': [(0, 4),
                                (4, 8),
                                (8, 16),
                                (16, 32),
                                (32, 64),
                                (64, 10000)],
           'scale_factor': 2,
           'test_cfg': {'duration_thresh': 0.05,
                        'ext_score_file': None,
                        'iou_threshold': 0.1,
                        'max_seg_num': 200,
                        'min_score': 0.001,
                        'multiclass_nms': True,
                        'nms_method': 'soft',
                        'nms_sigma': 0.5,
                        'pre_nms_thresh': 0.001,
                        'pre_nms_topk': 2000,
                        'voting_thresh': 0.7},
           'train_cfg': {'aconfig_path': '/home/karolwojtulewicz/code/actionformer_release/configs/thumos_VGGish.yaml',
                         'aformer_path': '/home/karolwojtulewicz/code/actionformer_release/pretrained/thumos_i3d_reproduce/epoch_034.pth.tar',
                         'audio_pretrained_path': '/home/karolwojtulewicz/code/actionformer_release/ckpt/thumos_VGGish_reproduce/_epoch_035.pth.tar',
                         'center_sample': 'radius',
                         'center_sample_radius': 1.5,
                         'clip_grad_l2norm': 1.0,
                         'cls_prior_prob': 0.01,
                         'dropout': 0.1,
                         'droppath': 0.1,
                         'freeze_aformer': True,
                         'head_empty_cls': [],
                         'init_loss_norm': 100,
                         'label_smoothing': 0.0,
                         'loss_weight': 1.0,
                         'use_audio': True,
                         'use_text': False,
                         'vconfig_path': '/home/karolwojtulewicz/code/actionformer_release/configs/thumos_i3d.yaml'},
           'use_abs_pe': False,
           'use_rel_pe': False},
 'model_name': 'LocPointTransformer',
 'opt': {'epochs': 35,
         'learning_rate': 0.0001,
         'momentum': 0.9,
         'schedule_gamma': 0.1,
         'schedule_steps': [],
         'schedule_type': 'cosine',
         'type': 'AdamW',
         'warmup': True,
         'warmup_epochs': 5,
         'weight_decay': 0.01},
 'output_folder': './ckpt/',
 'test_cfg': {'duration_thresh': 0.05,
              'ext_score_file': None,
              'iou_threshold': 0.1,
              'max_seg_num': 200,
              'min_score': 0.001,
              'multiclass_nms': True,
              'nms_method': 'soft',
              'nms_sigma': 0.5,
              'pre_nms_thresh': 0.001,
              'pre_nms_topk': 2000,
              'voting_thresh': 0.7},
 'train_cfg': {'aconfig_path': '/home/karolwojtulewicz/code/actionformer_release/configs/thumos_VGGish.yaml',
               'aformer_path': '/home/karolwojtulewicz/code/actionformer_release/pretrained/thumos_i3d_reproduce/epoch_034.pth.tar',
               'audio_pretrained_path': '/home/karolwojtulewicz/code/actionformer_release/ckpt/thumos_VGGish_reproduce/_epoch_035.pth.tar',
               'center_sample': 'radius',
               'center_sample_radius': 1.5,
               'clip_grad_l2norm': 1.0,
               'cls_prior_prob': 0.01,
               'dropout': 0.1,
               'droppath': 0.1,
               'freeze_aformer': True,
               'head_empty_cls': [],
               'init_loss_norm': 100,
               'label_smoothing': 0.0,
               'loss_weight': 1.0,
               'use_audio': True,
               'use_text': False,
               'vconfig_path': '/home/karolwojtulewicz/code/actionformer_release/configs/thumos_i3d.yaml'},
 'train_split': ['validation'],
 'val_split': ['test']}
Updating config file...
Loading pretrained af model...
Model weights /home/karolwojtulewicz/code/actionformer_release/pretrained/thumos_i3d_reproduce/epoch_034.pth.tar loaded successfully
Model weights /home/karolwojtulewicz/code/actionformer_release/pretrained/thumos_i3d_reproduce/epoch_034.pth.tar loaded successfully
Freezing pretrained AFormer model
Loading pretrained af model...
Updating config file...
Loading pretrained af model...
Could not load pretrained model with strict=True, trying with strict=False
Model weights /home/karolwojtulewicz/code/actionformer_release/ckpt/thumos_VGGish_reproduce/_epoch_035.pth.tar loaded successfully
Loading pretrained af model...
Using model EMA ...

Start training model LocPointTransformer ...

[Train]: Epoch 0 started
Epoch: [000][00005/00100]	Time 0.86 (0.86)	Loss 1.40 (1.40)
		cls_loss 0.78 (0.78)	reg_loss 0.62 (0.62)
Epoch: [000][00010/00100]	Time 0.30 (0.58)	Loss 3.12 (2.26)
		cls_loss 1.59 (1.18)	reg_loss 1.53 (1.07)
Epoch: [000][00015/00100]	Time 0.28 (0.48)	Loss 1.15 (1.89)
		cls_loss 0.61 (0.99)	reg_loss 0.54 (0.90)
Epoch: [000][00020/00100]	Time 0.28 (0.43)	Loss 1.40 (1.77)
		cls_loss 0.92 (0.97)	reg_loss 0.48 (0.79)
Epoch: [000][00025/00100]	Time 0.28 (0.40)	Loss 3.03 (2.02)
		cls_loss 1.72 (1.12)	reg_loss 1.31 (0.90)
Epoch: [000][00030/00100]	Time 0.28 (0.38)	Loss 0.75 (1.81)
		cls_loss 0.48 (1.02)	reg_loss 0.28 (0.79)
Epoch: [000][00035/00100]	Time 0.30 (0.37)	Loss 0.59 (1.64)
		cls_loss 0.37 (0.92)	reg_loss 0.23 (0.71)
Epoch: [000][00040/00100]	Time 0.28 (0.36)	Loss 0.18 (1.45)
		cls_loss 0.11 (0.82)	reg_loss 0.07 (0.63)
Epoch: [000][00045/00100]	Time 0.28 (0.35)	Loss 1.65 (1.48)
		cls_loss 0.95 (0.84)	reg_loss 0.70 (0.64)
Epoch: [000][00050/00100]	Time 0.38 (0.35)	Loss 0.22 (1.35)
		cls_loss 0.13 (0.77)	reg_loss 0.09 (0.58)
Epoch: [000][00055/00100]	Time 0.28 (0.35)	Loss 0.93 (1.31)
		cls_loss 0.60 (0.75)	reg_loss 0.33 (0.56)
Epoch: [000][00060/00100]	Time 0.29 (0.34)	Loss 5.87 (1.69)
		cls_loss 4.03 (1.02)	reg_loss 1.84 (0.67)
Epoch: [000][00065/00100]	Time 0.28 (0.34)	Loss 0.42 (1.59)
		cls_loss 0.29 (0.97)	reg_loss 0.13 (0.63)
Epoch: [000][00070/00100]	Time 0.28 (0.33)	Loss 0.34 (1.50)
		cls_loss 0.26 (0.92)	reg_loss 0.08 (0.59)
Epoch: [000][00075/00100]	Time 0.28 (0.33)	Loss 1.18 (1.48)
		cls_loss 0.81 (0.91)	reg_loss 0.37 (0.57)
Epoch: [000][00080/00100]	Time 0.28 (0.33)	Loss 0.46 (1.42)
		cls_loss 0.36 (0.88)	reg_loss 0.11 (0.54)
Epoch: [000][00085/00100]	Time 0.29 (0.32)	Loss 0.50 (1.36)
		cls_loss 0.37 (0.85)	reg_loss 0.13 (0.52)
Epoch: [000][00090/00100]	Time 0.29 (0.32)	Loss 1.28 (1.36)
		cls_loss 0.88 (0.85)	reg_loss 0.40 (0.51)
Epoch: [000][00095/00100]	Time 0.28 (0.32)	Loss 0.18 (1.30)
		cls_loss 0.13 (0.81)	reg_loss 0.05 (0.49)
[Train]: Epoch 0 finished with lr=0.00002004


[Train]: Epoch 1 started
Epoch: [001][00005/00100]	Time 0.39 (0.39)	Loss 1.07 (1.07)
		cls_loss 0.63 (0.63)	reg_loss 0.44 (0.44)
Epoch: [001][00010/00100]	Time 0.28 (0.34)	Loss 0.50 (0.78)
		cls_loss 0.29 (0.46)	reg_loss 0.21 (0.32)
Epoch: [001][00015/00100]	Time 0.29 (0.32)	Loss 1.08 (0.88)
		cls_loss 0.63 (0.52)	reg_loss 0.45 (0.37)
Epoch: [001][00020/00100]	Time 0.29 (0.31)	Loss 2.48 (1.28)
		cls_loss 1.82 (0.84)	reg_loss 0.66 (0.44)
Epoch: [001][00025/00100]	Time 0.28 (0.31)	Loss 1.79 (1.38)
		cls_loss 1.33 (0.94)	reg_loss 0.47 (0.44)
Epoch: [001][00030/00100]	Time 0.29 (0.30)	Loss 0.40 (1.22)
		cls_loss 0.25 (0.82)	reg_loss 0.15 (0.40)
Epoch: [001][00035/00100]	Time 0.28 (0.30)	Loss 2.34 (1.38)
		cls_loss 1.34 (0.90)	reg_loss 1.00 (0.48)
Epoch: [001][00040/00100]	Time 0.28 (0.30)	Loss 0.42 (1.26)
		cls_loss 0.32 (0.83)	reg_loss 0.11 (0.43)
Epoch: [001][00045/00100]	Time 0.29 (0.30)	Loss 0.88 (1.22)
		cls_loss 0.61 (0.80)	reg_loss 0.27 (0.42)
Epoch: [001][00050/00100]	Time 0.29 (0.30)	Loss 0.12 (1.11)
		cls_loss 0.08 (0.73)	reg_loss 0.04 (0.38)
Epoch: [001][00055/00100]	Time 0.29 (0.30)	Loss 0.61 (1.06)
		cls_loss 0.42 (0.70)	reg_loss 0.19 (0.36)
Epoch: [001][00060/00100]	Time 0.29 (0.29)	Loss 0.63 (1.03)
		cls_loss 0.39 (0.68)	reg_loss 0.23 (0.35)
Epoch: [001][00065/00100]	Time 0.32 (0.30)	Loss 0.53 (0.99)
		cls_loss 0.31 (0.65)	reg_loss 0.22 (0.34)
Epoch: [001][00070/00100]	Time 0.29 (0.30)	Loss 0.17 (0.93)
		cls_loss 0.12 (0.61)	reg_loss 0.05 (0.32)
Epoch: [001][00075/00100]	Time 0.28 (0.30)	Loss 1.02 (0.94)
		cls_loss 0.77 (0.62)	reg_loss 0.26 (0.32)
Epoch: [001][00080/00100]	Time 0.29 (0.29)	Loss 0.78 (0.93)
		cls_loss 0.45 (0.61)	reg_loss 0.33 (0.32)
Epoch: [001][00085/00100]	Time 0.29 (0.29)	Loss 0.87 (0.92)
		cls_loss 0.50 (0.60)	reg_loss 0.37 (0.32)
Epoch: [001][00090/00100]	Time 0.29 (0.29)	Loss 0.21 (0.88)
		cls_loss 0.16 (0.58)	reg_loss 0.04 (0.30)
Epoch: [001][00095/00100]	Time 0.28 (0.29)	Loss 0.15 (0.84)
		cls_loss 0.10 (0.55)	reg_loss 0.05 (0.29)
[Train]: Epoch 1 finished with lr=0.00004008


[Train]: Epoch 2 started
Epoch: [002][00005/00100]	Time 0.42 (0.42)	Loss 0.18 (0.18)
		cls_loss 0.15 (0.15)	reg_loss 0.04 (0.04)
Epoch: [002][00010/00100]	Time 0.29 (0.35)	Loss 0.48 (0.33)
		cls_loss 0.32 (0.23)	reg_loss 0.16 (0.10)
Epoch: [002][00015/00100]	Time 0.28 (0.33)	Loss 1.49 (0.72)
		cls_loss 0.72 (0.40)	reg_loss 0.77 (0.32)
Epoch: [002][00020/00100]	Time 0.29 (0.32)	Loss 0.58 (0.68)
		cls_loss 0.39 (0.39)	reg_loss 0.20 (0.29)
Epoch: [002][00025/00100]	Time 0.29 (0.31)	Loss 0.40 (0.63)
		cls_loss 0.29 (0.37)	reg_loss 0.11 (0.25)
Epoch: [002][00030/00100]	Time 0.29 (0.31)	Loss 0.64 (0.63)
		cls_loss 0.43 (0.38)	reg_loss 0.21 (0.25)
Epoch: [002][00035/00100]	Time 0.29 (0.31)	Loss 0.21 (0.57)
		cls_loss 0.13 (0.35)	reg_loss 0.07 (0.22)
Epoch: [002][00040/00100]	Time 0.28 (0.30)	Loss 0.27 (0.53)
		cls_loss 0.20 (0.33)	reg_loss 0.07 (0.20)
Epoch: [002][00045/00100]	Time 0.29 (0.30)	Loss 0.41 (0.52)
		cls_loss 0.26 (0.32)	reg_loss 0.15 (0.20)
Epoch: [002][00050/00100]	Time 0.29 (0.30)	Loss 0.29 (0.50)
		cls_loss 0.20 (0.31)	reg_loss 0.09 (0.19)
Epoch: [002][00055/00100]	Time 0.29 (0.30)	Loss 0.54 (0.50)
		cls_loss 0.36 (0.31)	reg_loss 0.18 (0.19)
Epoch: [002][00060/00100]	Time 0.29 (0.30)	Loss 0.74 (0.52)
		cls_loss 0.43 (0.32)	reg_loss 0.31 (0.20)
Epoch: [002][00065/00100]	Time 0.29 (0.30)	Loss 0.43 (0.51)
		cls_loss 0.28 (0.32)	reg_loss 0.15 (0.19)
Epoch: [002][00070/00100]	Time 0.29 (0.30)	Loss 0.41 (0.51)
		cls_loss 0.26 (0.32)	reg_loss 0.15 (0.19)
Epoch: [002][00075/00100]	Time 0.31 (0.30)	Loss 0.29 (0.49)
		cls_loss 0.17 (0.31)	reg_loss 0.12 (0.18)
Epoch: [002][00080/00100]	Time 0.29 (0.30)	Loss 0.39 (0.48)
		cls_loss 0.24 (0.30)	reg_loss 0.15 (0.18)
Epoch: [002][00085/00100]	Time 0.29 (0.30)	Loss 0.64 (0.49)
		cls_loss 0.47 (0.31)	reg_loss 0.17 (0.18)
Epoch: [002][00090/00100]	Time 0.28 (0.30)	Loss 1.54 (0.55)
		cls_loss 1.00 (0.35)	reg_loss 0.54 (0.20)
Epoch: [002][00095/00100]	Time 0.28 (0.29)	Loss 0.26 (0.54)
		cls_loss 0.16 (0.34)	reg_loss 0.10 (0.20)
[Train]: Epoch 2 finished with lr=0.00006012


[Train]: Epoch 3 started
Epoch: [003][00005/00100]	Time 0.40 (0.40)	Loss 0.69 (0.69)
		cls_loss 0.46 (0.46)	reg_loss 0.23 (0.23)
Epoch: [003][00010/00100]	Time 0.29 (0.35)	Loss 0.15 (0.42)
		cls_loss 0.09 (0.27)	reg_loss 0.06 (0.15)
Epoch: [003][00015/00100]	Time 0.29 (0.33)	Loss 0.19 (0.34)
		cls_loss 0.12 (0.22)	reg_loss 0.07 (0.12)
Epoch: [003][00020/00100]	Time 0.28 (0.32)	Loss 1.02 (0.51)
		cls_loss 0.64 (0.33)	reg_loss 0.38 (0.19)
Epoch: [003][00025/00100]	Time 0.28 (0.31)	Loss 2.41 (0.89)
		cls_loss 1.82 (0.63)	reg_loss 0.59 (0.27)
Epoch: [003][00030/00100]	Time 0.28 (0.31)	Loss 0.21 (0.78)
		cls_loss 0.15 (0.55)	reg_loss 0.05 (0.23)
Epoch: [003][00035/00100]	Time 0.29 (0.30)	Loss 0.61 (0.75)
		cls_loss 0.41 (0.53)	reg_loss 0.19 (0.23)
Epoch: [003][00040/00100]	Time 0.29 (0.30)	Loss 0.50 (0.72)
		cls_loss 0.29 (0.50)	reg_loss 0.21 (0.22)
Epoch: [003][00045/00100]	Time 0.28 (0.30)	Loss 0.64 (0.71)
		cls_loss 0.42 (0.49)	reg_loss 0.22 (0.22)
Epoch: [003][00050/00100]	Time 0.29 (0.30)	Loss 0.12 (0.65)
		cls_loss 0.09 (0.45)	reg_loss 0.03 (0.20)
Epoch: [003][00055/00100]	Time 0.28 (0.30)	Loss 0.44 (0.63)
		cls_loss 0.25 (0.43)	reg_loss 0.19 (0.20)
Epoch: [003][00060/00100]	Time 0.29 (0.30)	Loss 0.13 (0.59)
		cls_loss 0.07 (0.40)	reg_loss 0.06 (0.19)
Epoch: [003][00065/00100]	Time 0.29 (0.30)	Loss 0.64 (0.60)
		cls_loss 0.35 (0.40)	reg_loss 0.29 (0.20)
Epoch: [003][00070/00100]	Time 0.28 (0.29)	Loss 0.39 (0.58)
		cls_loss 0.23 (0.39)	reg_loss 0.16 (0.19)
Epoch: [003][00075/00100]	Time 0.28 (0.29)	Loss 0.22 (0.56)
		cls_loss 0.14 (0.37)	reg_loss 0.08 (0.19)
Epoch: [003][00080/00100]	Time 0.28 (0.29)	Loss 0.30 (0.54)
		cls_loss 0.16 (0.36)	reg_loss 0.14 (0.18)
Epoch: [003][00085/00100]	Time 0.28 (0.29)	Loss 0.32 (0.53)
		cls_loss 0.19 (0.35)	reg_loss 0.13 (0.18)
Epoch: [003][00090/00100]	Time 0.28 (0.29)	Loss 0.40 (0.52)
		cls_loss 0.29 (0.34)	reg_loss 0.12 (0.18)
Epoch: [003][00095/00100]	Time 0.27 (0.29)	Loss 0.25 (0.51)
		cls_loss 0.15 (0.33)	reg_loss 0.10 (0.17)
[Train]: Epoch 3 finished with lr=0.00008016


[Train]: Epoch 4 started
Epoch: [004][00005/00100]	Time 0.42 (0.42)	Loss 1.11 (1.11)
		cls_loss 0.75 (0.75)	reg_loss 0.36 (0.36)
Epoch: [004][00010/00100]	Time 0.28 (0.35)	Loss 0.13 (0.62)
		cls_loss 0.10 (0.42)	reg_loss 0.02 (0.19)
Epoch: [004][00015/00100]	Time 0.29 (0.33)	Loss 0.51 (0.58)
		cls_loss 0.37 (0.40)	reg_loss 0.14 (0.18)
Epoch: [004][00020/00100]	Time 0.29 (0.32)	Loss 0.12 (0.47)
		cls_loss 0.08 (0.32)	reg_loss 0.05 (0.14)
Epoch: [004][00025/00100]	Time 0.28 (0.31)	Loss 0.21 (0.42)
		cls_loss 0.15 (0.29)	reg_loss 0.06 (0.13)
Epoch: [004][00030/00100]	Time 0.29 (0.31)	Loss 0.68 (0.46)
		cls_loss 0.36 (0.30)	reg_loss 0.32 (0.16)
Epoch: [004][00035/00100]	Time 0.29 (0.31)	Loss 0.53 (0.47)
		cls_loss 0.34 (0.31)	reg_loss 0.19 (0.16)
Epoch: [004][00040/00100]	Time 0.29 (0.31)	Loss 0.19 (0.44)
		cls_loss 0.13 (0.28)	reg_loss 0.06 (0.15)
Epoch: [004][00045/00100]	Time 0.29 (0.30)	Loss 0.35 (0.43)
		cls_loss 0.23 (0.28)	reg_loss 0.12 (0.15)
Epoch: [004][00050/00100]	Time 0.29 (0.30)	Loss 0.35 (0.42)
		cls_loss 0.23 (0.27)	reg_loss 0.13 (0.15)
Epoch: [004][00055/00100]	Time 0.28 (0.30)	Loss 1.09 (0.48)
		cls_loss 0.73 (0.31)	reg_loss 0.36 (0.17)
Epoch: [004][00060/00100]	Time 0.29 (0.30)	Loss 0.17 (0.45)
		cls_loss 0.12 (0.30)	reg_loss 0.05 (0.16)
Epoch: [004][00065/00100]	Time 0.29 (0.30)	Loss 0.11 (0.43)
		cls_loss 0.07 (0.28)	reg_loss 0.04 (0.15)
Epoch: [004][00070/00100]	Time 0.28 (0.30)	Loss 0.19 (0.41)
		cls_loss 0.11 (0.27)	reg_loss 0.07 (0.14)
Epoch: [004][00075/00100]	Time 0.28 (0.30)	Loss 1.78 (0.50)
		cls_loss 0.84 (0.31)	reg_loss 0.94 (0.20)
Epoch: [004][00080/00100]	Time 0.29 (0.30)	Loss 0.51 (0.50)
		cls_loss 0.26 (0.30)	reg_loss 0.25 (0.20)
Epoch: [004][00085/00100]	Time 0.29 (0.30)	Loss 0.78 (0.52)
		cls_loss 0.47 (0.31)	reg_loss 0.31 (0.21)
Epoch: [004][00090/00100]	Time 0.29 (0.30)	Loss 0.50 (0.52)
		cls_loss 0.26 (0.31)	reg_loss 0.24 (0.21)
Epoch: [004][00095/00100]	Time 0.28 (0.29)	Loss 1.16 (0.55)
		cls_loss 0.58 (0.32)	reg_loss 0.57 (0.23)
[Train]: Epoch 4 finished with lr=0.00010000


[Train]: Epoch 5 started
Epoch: [005][00005/00100]	Time 0.41 (0.41)	Loss 0.26 (0.26)
		cls_loss 0.17 (0.17)	reg_loss 0.09 (0.09)
Epoch: [005][00010/00100]	Time 0.29 (0.35)	Loss 0.28 (0.27)
		cls_loss 0.19 (0.18)	reg_loss 0.09 (0.09)
Epoch: [005][00015/00100]	Time 0.28 (0.33)	Loss 0.24 (0.26)
		cls_loss 0.17 (0.18)	reg_loss 0.07 (0.08)
Epoch: [005][00020/00100]	Time 0.28 (0.32)	Loss 0.39 (0.29)
		cls_loss 0.21 (0.19)	reg_loss 0.18 (0.11)
Epoch: [005][00025/00100]	Time 0.30 (0.31)	Loss 0.14 (0.26)
		cls_loss 0.10 (0.17)	reg_loss 0.05 (0.09)
Epoch: [005][00030/00100]	Time 0.29 (0.31)	Loss 0.50 (0.30)
		cls_loss 0.29 (0.19)	reg_loss 0.21 (0.11)
Epoch: [005][00035/00100]	Time 0.29 (0.31)	Loss 0.05 (0.27)
		cls_loss 0.03 (0.17)	reg_loss 0.02 (0.10)
Epoch: [005][00040/00100]	Time 0.30 (0.30)	Loss 0.25 (0.26)
		cls_loss 0.17 (0.17)	reg_loss 0.08 (0.10)
Epoch: [005][00045/00100]	Time 0.29 (0.30)	Loss 0.12 (0.25)
		cls_loss 0.09 (0.16)	reg_loss 0.03 (0.09)
Epoch: [005][00050/00100]	Time 0.30 (0.30)	Loss 0.16 (0.24)
		cls_loss 0.09 (0.15)	reg_loss 0.08 (0.09)
Epoch: [005][00055/00100]	Time 0.29 (0.30)	Loss 0.21 (0.24)
		cls_loss 0.13 (0.15)	reg_loss 0.08 (0.09)
Epoch: [005][00060/00100]	Time 0.29 (0.30)	Loss 0.05 (0.22)
		cls_loss 0.03 (0.14)	reg_loss 0.02 (0.08)
Epoch: [005][00065/00100]	Time 0.28 (0.30)	Loss 0.11 (0.21)
		cls_loss 0.06 (0.13)	reg_loss 0.05 (0.08)
Epoch: [005][00070/00100]	Time 0.29 (0.30)	Loss 0.78 (0.25)
		cls_loss 0.54 (0.16)	reg_loss 0.23 (0.09)
Epoch: [005][00075/00100]	Time 0.29 (0.30)	Loss 0.21 (0.25)
		cls_loss 0.13 (0.16)	reg_loss 0.08 (0.09)
Epoch: [005][00080/00100]	Time 0.30 (0.30)	Loss 0.90 (0.29)
		cls_loss 0.49 (0.18)	reg_loss 0.41 (0.11)
Epoch: [005][00085/00100]	Time 0.29 (0.30)	Loss 0.18 (0.28)
		cls_loss 0.10 (0.18)	reg_loss 0.08 (0.11)
Epoch: [005][00090/00100]	Time 0.30 (0.30)	Loss 0.26 (0.28)
		cls_loss 0.17 (0.17)	reg_loss 0.10 (0.11)
Epoch: [005][00095/00100]	Time 0.29 (0.30)	Loss 0.31 (0.28)
		cls_loss 0.20 (0.18)	reg_loss 0.11 (0.11)
[Train]: Epoch 5 finished with lr=0.00009980


[Train]: Epoch 6 started
Epoch: [006][00005/00100]	Time 0.38 (0.38)	Loss 0.33 (0.33)
		cls_loss 0.18 (0.18)	reg_loss 0.15 (0.15)
Epoch: [006][00010/00100]	Time 0.30 (0.34)	Loss 0.24 (0.28)
		cls_loss 0.18 (0.18)	reg_loss 0.06 (0.10)
Epoch: [006][00015/00100]	Time 0.29 (0.32)	Loss 0.23 (0.27)
		cls_loss 0.14 (0.17)	reg_loss 0.09 (0.10)
Epoch: [006][00020/00100]	Time 0.29 (0.32)	Loss 0.58 (0.34)
		cls_loss 0.31 (0.20)	reg_loss 0.26 (0.14)
Epoch: [006][00025/00100]	Time 0.28 (0.31)	Loss 0.60 (0.40)
		cls_loss 0.34 (0.23)	reg_loss 0.26 (0.16)
Epoch: [006][00030/00100]	Time 0.29 (0.31)	Loss 0.25 (0.37)
		cls_loss 0.14 (0.22)	reg_loss 0.11 (0.16)
Epoch: [006][00035/00100]	Time 0.29 (0.30)	Loss 0.27 (0.36)
		cls_loss 0.19 (0.21)	reg_loss 0.08 (0.15)
Epoch: [006][00040/00100]	Time 0.29 (0.30)	Loss 0.40 (0.36)
		cls_loss 0.23 (0.21)	reg_loss 0.17 (0.15)
Epoch: [006][00045/00100]	Time 0.29 (0.30)	Loss 0.61 (0.39)
		cls_loss 0.34 (0.23)	reg_loss 0.28 (0.16)
Epoch: [006][00050/00100]	Time 0.29 (0.30)	Loss 0.87 (0.44)
		cls_loss 0.64 (0.27)	reg_loss 0.23 (0.17)
Epoch: [006][00055/00100]	Time 0.29 (0.30)	Loss 0.09 (0.41)
		cls_loss 0.05 (0.25)	reg_loss 0.04 (0.16)
Epoch: [006][00060/00100]	Time 0.29 (0.30)	Loss 0.29 (0.40)
		cls_loss 0.23 (0.25)	reg_loss 0.06 (0.15)
Epoch: [006][00065/00100]	Time 0.29 (0.30)	Loss 1.41 (0.48)
		cls_loss 0.68 (0.28)	reg_loss 0.73 (0.19)
Epoch: [006][00070/00100]	Time 0.29 (0.30)	Loss 0.22 (0.46)
		cls_loss 0.13 (0.27)	reg_loss 0.08 (0.19)
Epoch: [006][00075/00100]	Time 0.28 (0.30)	Loss 0.40 (0.45)
		cls_loss 0.20 (0.27)	reg_loss 0.20 (0.19)
Epoch: [006][00080/00100]	Time 0.29 (0.30)	Loss 0.48 (0.46)
		cls_loss 0.31 (0.27)	reg_loss 0.17 (0.19)
Epoch: [006][00085/00100]	Time 0.29 (0.29)	Loss 0.15 (0.44)
		cls_loss 0.08 (0.26)	reg_loss 0.07 (0.18)
Epoch: [006][00090/00100]	Time 0.28 (0.29)	Loss 0.10 (0.42)
		cls_loss 0.04 (0.25)	reg_loss 0.05 (0.17)
Epoch: [006][00095/00100]	Time 0.28 (0.29)	Loss 0.25 (0.41)
		cls_loss 0.20 (0.24)	reg_loss 0.05 (0.17)
[Train]: Epoch 6 finished with lr=0.00009920


[Train]: Epoch 7 started
Epoch: [007][00005/00100]	Time 0.47 (0.47)	Loss 0.70 (0.70)
		cls_loss 0.53 (0.53)	reg_loss 0.16 (0.16)
Epoch: [007][00010/00100]	Time 0.29 (0.38)	Loss 0.58 (0.64)
		cls_loss 0.29 (0.41)	reg_loss 0.29 (0.23)
Epoch: [007][00015/00100]	Time 0.29 (0.35)	Loss 0.24 (0.50)
		cls_loss 0.16 (0.33)	reg_loss 0.08 (0.18)
Epoch: [007][00020/00100]	Time 0.29 (0.33)	Loss 0.20 (0.43)
		cls_loss 0.13 (0.28)	reg_loss 0.07 (0.15)
Epoch: [007][00025/00100]	Time 0.28 (0.32)	Loss 0.17 (0.38)
		cls_loss 0.11 (0.24)	reg_loss 0.06 (0.13)
Epoch: [007][00030/00100]	Time 0.29 (0.32)	Loss 0.31 (0.36)
		cls_loss 0.16 (0.23)	reg_loss 0.14 (0.13)
Epoch: [007][00035/00100]	Time 0.29 (0.31)	Loss 0.32 (0.36)
		cls_loss 0.18 (0.22)	reg_loss 0.14 (0.13)
Epoch: [007][00040/00100]	Time 0.29 (0.31)	Loss 0.28 (0.35)
		cls_loss 0.20 (0.22)	reg_loss 0.08 (0.13)
Epoch: [007][00045/00100]	Time 0.29 (0.31)	Loss 0.90 (0.41)
		cls_loss 0.55 (0.26)	reg_loss 0.35 (0.15)
Epoch: [007][00050/00100]	Time 0.29 (0.31)	Loss 0.42 (0.41)
		cls_loss 0.22 (0.25)	reg_loss 0.20 (0.16)
Epoch: [007][00055/00100]	Time 0.29 (0.30)	Loss 0.17 (0.39)
		cls_loss 0.10 (0.24)	reg_loss 0.08 (0.15)
Epoch: [007][00060/00100]	Time 0.29 (0.30)	Loss 0.06 (0.36)
		cls_loss 0.03 (0.22)	reg_loss 0.03 (0.14)
Epoch: [007][00065/00100]	Time 0.29 (0.30)	Loss 0.20 (0.35)
		cls_loss 0.11 (0.21)	reg_loss 0.09 (0.14)
Epoch: [007][00070/00100]	Time 0.29 (0.30)	Loss 0.30 (0.35)
		cls_loss 0.16 (0.21)	reg_loss 0.14 (0.14)
Epoch: [007][00075/00100]	Time 0.29 (0.30)	Loss 0.58 (0.36)
		cls_loss 0.29 (0.22)	reg_loss 0.28 (0.15)
Epoch: [007][00080/00100]	Time 0.29 (0.30)	Loss 1.01 (0.40)
		cls_loss 0.65 (0.24)	reg_loss 0.36 (0.16)
Epoch: [007][00085/00100]	Time 0.29 (0.30)	Loss 1.34 (0.46)
		cls_loss 0.93 (0.28)	reg_loss 0.42 (0.17)
Epoch: [007][00090/00100]	Time 0.29 (0.30)	Loss 0.28 (0.45)
		cls_loss 0.15 (0.28)	reg_loss 0.13 (0.17)
Epoch: [007][00095/00100]	Time 0.29 (0.30)	Loss 0.58 (0.45)
		cls_loss 0.35 (0.28)	reg_loss 0.23 (0.17)
[Train]: Epoch 7 finished with lr=0.00009820


[Train]: Epoch 8 started
Epoch: [008][00005/00100]	Time 0.39 (0.39)	Loss 0.23 (0.23)
		cls_loss 0.13 (0.13)	reg_loss 0.09 (0.09)
Epoch: [008][00010/00100]	Time 0.29 (0.34)	Loss 0.44 (0.33)
		cls_loss 0.25 (0.19)	reg_loss 0.19 (0.14)
Epoch: [008][00015/00100]	Time 0.29 (0.32)	Loss 0.77 (0.48)
		cls_loss 0.42 (0.27)	reg_loss 0.35 (0.21)
Epoch: [008][00020/00100]	Time 0.29 (0.31)	Loss 0.79 (0.56)
		cls_loss 0.40 (0.30)	reg_loss 0.38 (0.25)
Epoch: [008][00025/00100]	Time 0.30 (0.31)	Loss 0.35 (0.52)
		cls_loss 0.22 (0.29)	reg_loss 0.13 (0.23)
Epoch: [008][00030/00100]	Time 0.29 (0.31)	Loss 0.85 (0.57)
		cls_loss 0.43 (0.31)	reg_loss 0.41 (0.26)
Epoch: [008][00035/00100]	Time 0.29 (0.30)	Loss 0.17 (0.51)
		cls_loss 0.09 (0.28)	reg_loss 0.07 (0.23)
Epoch: [008][00040/00100]	Time 0.29 (0.30)	Loss 0.42 (0.50)
		cls_loss 0.23 (0.27)	reg_loss 0.19 (0.23)
Epoch: [008][00045/00100]	Time 0.28 (0.30)	Loss 0.68 (0.52)
		cls_loss 0.40 (0.29)	reg_loss 0.28 (0.23)
Epoch: [008][00050/00100]	Time 0.29 (0.30)	Loss 0.37 (0.51)
		cls_loss 0.22 (0.28)	reg_loss 0.14 (0.22)
Epoch: [008][00055/00100]	Time 0.29 (0.30)	Loss 0.39 (0.50)
		cls_loss 0.26 (0.28)	reg_loss 0.13 (0.22)
Epoch: [008][00060/00100]	Time 0.31 (0.30)	Loss 0.75 (0.52)
		cls_loss 0.40 (0.29)	reg_loss 0.35 (0.23)
Epoch: [008][00065/00100]	Time 0.29 (0.30)	Loss 0.12 (0.49)
		cls_loss 0.07 (0.27)	reg_loss 0.05 (0.21)
Epoch: [008][00070/00100]	Time 0.30 (0.30)	Loss 0.10 (0.46)
		cls_loss 0.05 (0.26)	reg_loss 0.05 (0.20)
Epoch: [008][00075/00100]	Time 0.30 (0.30)	Loss 0.59 (0.47)
		cls_loss 0.32 (0.26)	reg_loss 0.28 (0.21)
Epoch: [008][00080/00100]	Time 0.29 (0.30)	Loss 0.12 (0.45)
		cls_loss 0.05 (0.25)	reg_loss 0.06 (0.20)
Epoch: [008][00085/00100]	Time 0.29 (0.30)	Loss 0.48 (0.45)
		cls_loss 0.33 (0.25)	reg_loss 0.16 (0.20)
Epoch: [008][00090/00100]	Time 0.29 (0.30)	Loss 0.52 (0.45)
		cls_loss 0.29 (0.25)	reg_loss 0.24 (0.20)
Epoch: [008][00095/00100]	Time 0.28 (0.30)	Loss 0.29 (0.44)
		cls_loss 0.17 (0.25)	reg_loss 0.12 (0.19)
[Train]: Epoch 8 finished with lr=0.00009681


[Train]: Epoch 9 started
Epoch: [009][00005/00100]	Time 0.39 (0.39)	Loss 0.11 (0.11)
		cls_loss 0.06 (0.06)	reg_loss 0.05 (0.05)
Epoch: [009][00010/00100]	Time 0.30 (0.34)	Loss 0.04 (0.07)
		cls_loss 0.02 (0.04)	reg_loss 0.02 (0.03)
Epoch: [009][00015/00100]	Time 0.29 (0.33)	Loss 0.51 (0.22)
		cls_loss 0.28 (0.12)	reg_loss 0.23 (0.10)
Epoch: [009][00020/00100]	Time 0.29 (0.32)	Loss 0.25 (0.23)
		cls_loss 0.15 (0.13)	reg_loss 0.09 (0.10)
Epoch: [009][00025/00100]	Time 0.29 (0.31)	Loss 0.03 (0.19)
		cls_loss 0.02 (0.11)	reg_loss 0.01 (0.08)
Epoch: [009][00030/00100]	Time 0.29 (0.31)	Loss 0.59 (0.25)
		cls_loss 0.34 (0.15)	reg_loss 0.26 (0.11)
Epoch: [009][00035/00100]	Time 0.29 (0.31)	Loss 1.11 (0.38)
		cls_loss 0.77 (0.23)	reg_loss 0.34 (0.14)
Epoch: [009][00040/00100]	Time 0.29 (0.30)	Loss 0.46 (0.39)
		cls_loss 0.29 (0.24)	reg_loss 0.17 (0.15)
Epoch: [009][00045/00100]	Time 0.29 (0.30)	Loss 0.63 (0.41)
		cls_loss 0.32 (0.25)	reg_loss 0.31 (0.16)
Epoch: [009][00050/00100]	Time 0.29 (0.30)	Loss 0.64 (0.44)
		cls_loss 0.33 (0.26)	reg_loss 0.31 (0.18)
Epoch: [009][00055/00100]	Time 0.29 (0.30)	Loss 0.13 (0.41)
		cls_loss 0.08 (0.24)	reg_loss 0.06 (0.17)
Epoch: [009][00060/00100]	Time 0.29 (0.30)	Loss 0.19 (0.39)
		cls_loss 0.12 (0.23)	reg_loss 0.08 (0.16)
Epoch: [009][00065/00100]	Time 0.28 (0.30)	Loss 0.79 (0.42)
		cls_loss 0.43 (0.25)	reg_loss 0.36 (0.18)
Epoch: [009][00070/00100]	Time 0.29 (0.30)	Loss 0.05 (0.40)
		cls_loss 0.03 (0.23)	reg_loss 0.03 (0.17)
Epoch: [009][00075/00100]	Time 0.29 (0.30)	Loss 1.00 (0.44)
		cls_loss 0.68 (0.26)	reg_loss 0.32 (0.18)
Epoch: [009][00080/00100]	Time 0.29 (0.30)	Loss 0.49 (0.44)
		cls_loss 0.34 (0.27)	reg_loss 0.15 (0.17)
Epoch: [009][00085/00100]	Time 0.29 (0.30)	Loss 1.35 (0.49)
		cls_loss 0.72 (0.29)	reg_loss 0.63 (0.20)
Epoch: [009][00090/00100]	Time 0.28 (0.30)	Loss 0.25 (0.48)
		cls_loss 0.16 (0.29)	reg_loss 0.10 (0.20)
Epoch: [009][00095/00100]	Time 0.28 (0.29)	Loss 0.13 (0.46)
		cls_loss 0.07 (0.27)	reg_loss 0.06 (0.19)
[Train]: Epoch 9 finished with lr=0.00009505


[Train]: Epoch 10 started
Epoch: [010][00005/00100]	Time 0.39 (0.39)	Loss 0.18 (0.18)
		cls_loss 0.12 (0.12)	reg_loss 0.05 (0.05)
Epoch: [010][00010/00100]	Time 0.30 (0.35)	Loss 0.20 (0.19)
		cls_loss 0.14 (0.13)	reg_loss 0.07 (0.06)
Epoch: [010][00015/00100]	Time 0.29 (0.33)	Loss 0.32 (0.23)
		cls_loss 0.18 (0.15)	reg_loss 0.14 (0.09)
Epoch: [010][00020/00100]	Time 0.29 (0.32)	Loss 0.12 (0.21)
		cls_loss 0.06 (0.13)	reg_loss 0.06 (0.08)
Epoch: [010][00025/00100]	Time 0.29 (0.31)	Loss 0.04 (0.17)
		cls_loss 0.02 (0.10)	reg_loss 0.02 (0.07)
Epoch: [010][00030/00100]	Time 0.30 (0.31)	Loss 0.44 (0.22)
		cls_loss 0.32 (0.14)	reg_loss 0.13 (0.08)
Epoch: [010][00035/00100]	Time 0.29 (0.31)	Loss 0.71 (0.29)
		cls_loss 0.37 (0.17)	reg_loss 0.34 (0.12)
Epoch: [010][00040/00100]	Time 0.29 (0.31)	Loss 0.25 (0.28)
		cls_loss 0.13 (0.17)	reg_loss 0.11 (0.12)
Epoch: [010][00045/00100]	Time 0.29 (0.31)	Loss 0.38 (0.29)
		cls_loss 0.25 (0.18)	reg_loss 0.13 (0.12)
Epoch: [010][00050/00100]	Time 0.29 (0.30)	Loss 0.10 (0.27)
		cls_loss 0.06 (0.16)	reg_loss 0.04 (0.11)
Epoch: [010][00055/00100]	Time 0.29 (0.30)	Loss 0.17 (0.26)
		cls_loss 0.11 (0.16)	reg_loss 0.05 (0.10)
Epoch: [010][00060/00100]	Time 0.29 (0.30)	Loss 0.31 (0.27)
		cls_loss 0.18 (0.16)	reg_loss 0.13 (0.11)
Epoch: [010][00065/00100]	Time 0.29 (0.30)	Loss 0.10 (0.26)
		cls_loss 0.05 (0.15)	reg_loss 0.05 (0.10)
Epoch: [010][00070/00100]	Time 0.29 (0.30)	Loss 0.09 (0.24)
		cls_loss 0.05 (0.14)	reg_loss 0.04 (0.10)
Epoch: [010][00075/00100]	Time 0.29 (0.30)	Loss 0.25 (0.24)
		cls_loss 0.17 (0.15)	reg_loss 0.08 (0.10)
Epoch: [010][00080/00100]	Time 0.29 (0.30)	Loss 0.57 (0.26)
		cls_loss 0.30 (0.16)	reg_loss 0.27 (0.11)
Epoch: [010][00085/00100]	Time 0.29 (0.30)	Loss 0.19 (0.26)
		cls_loss 0.11 (0.15)	reg_loss 0.08 (0.11)
Epoch: [010][00090/00100]	Time 0.29 (0.30)	Loss 0.16 (0.25)
		cls_loss 0.09 (0.15)	reg_loss 0.07 (0.10)
Epoch: [010][00095/00100]	Time 0.29 (0.30)	Loss 1.71 (0.33)
		cls_loss 0.99 (0.19)	reg_loss 0.72 (0.14)
[Train]: Epoch 10 finished with lr=0.00009292


[Train]: Epoch 11 started
Epoch: [011][00005/00100]	Time 0.40 (0.40)	Loss 0.09 (0.09)
		cls_loss 0.03 (0.03)	reg_loss 0.06 (0.06)
Epoch: [011][00010/00100]	Time 0.29 (0.34)	Loss 0.18 (0.13)
		cls_loss 0.08 (0.06)	reg_loss 0.10 (0.08)
Epoch: [011][00015/00100]	Time 0.29 (0.32)	Loss 0.45 (0.24)
		cls_loss 0.30 (0.14)	reg_loss 0.15 (0.10)
Epoch: [011][00020/00100]	Time 0.29 (0.32)	Loss 1.10 (0.45)
		cls_loss 0.45 (0.22)	reg_loss 0.65 (0.24)
Epoch: [011][00025/00100]	Time 0.29 (0.31)	Loss 0.12 (0.39)
		cls_loss 0.08 (0.19)	reg_loss 0.04 (0.20)
Epoch: [011][00030/00100]	Time 0.29 (0.31)	Loss 0.13 (0.34)
		cls_loss 0.08 (0.17)	reg_loss 0.04 (0.17)
Epoch: [011][00035/00100]	Time 0.29 (0.30)	Loss 0.30 (0.34)
		cls_loss 0.21 (0.18)	reg_loss 0.09 (0.16)
Epoch: [011][00040/00100]	Time 0.29 (0.30)	Loss 0.05 (0.30)
		cls_loss 0.02 (0.16)	reg_loss 0.03 (0.14)
Epoch: [011][00045/00100]	Time 0.29 (0.30)	Loss 0.17 (0.29)
		cls_loss 0.09 (0.15)	reg_loss 0.08 (0.14)
Epoch: [011][00050/00100]	Time 0.29 (0.30)	Loss 0.20 (0.28)
		cls_loss 0.12 (0.15)	reg_loss 0.08 (0.13)
Epoch: [011][00055/00100]	Time 0.29 (0.30)	Loss 0.10 (0.26)
		cls_loss 0.06 (0.14)	reg_loss 0.04 (0.12)
Epoch: [011][00060/00100]	Time 0.28 (0.30)	Loss 0.15 (0.25)
		cls_loss 0.09 (0.13)	reg_loss 0.06 (0.12)
Epoch: [011][00065/00100]	Time 0.29 (0.30)	Loss 0.13 (0.24)
		cls_loss 0.08 (0.13)	reg_loss 0.05 (0.11)
Epoch: [011][00070/00100]	Time 0.29 (0.30)	Loss 0.25 (0.24)
		cls_loss 0.15 (0.13)	reg_loss 0.10 (0.11)
Epoch: [011][00075/00100]	Time 0.29 (0.30)	Loss 0.71 (0.28)
		cls_loss 0.35 (0.15)	reg_loss 0.37 (0.13)
Epoch: [011][00080/00100]	Time 0.30 (0.30)	Loss 0.15 (0.27)
		cls_loss 0.12 (0.14)	reg_loss 0.03 (0.12)
Epoch: [011][00085/00100]	Time 0.29 (0.30)	Loss 0.30 (0.27)
		cls_loss 0.16 (0.14)	reg_loss 0.15 (0.12)
Epoch: [011][00090/00100]	Time 0.29 (0.30)	Loss 0.36 (0.27)
		cls_loss 0.18 (0.15)	reg_loss 0.18 (0.13)
Epoch: [011][00095/00100]	Time 0.29 (0.30)	Loss 0.19 (0.27)
		cls_loss 0.12 (0.15)	reg_loss 0.07 (0.12)
[Train]: Epoch 11 finished with lr=0.00009045


[Train]: Epoch 12 started
Epoch: [012][00005/00100]	Time 0.45 (0.45)	Loss 1.41 (1.41)
		cls_loss 0.78 (0.78)	reg_loss 0.63 (0.63)
Epoch: [012][00010/00100]	Time 0.29 (0.37)	Loss 0.40 (0.91)
		cls_loss 0.21 (0.49)	reg_loss 0.19 (0.41)
Epoch: [012][00015/00100]	Time 0.29 (0.35)	Loss 0.28 (0.70)
		cls_loss 0.18 (0.39)	reg_loss 0.10 (0.31)
Epoch: [012][00020/00100]	Time 0.29 (0.33)	Loss 0.04 (0.53)
		cls_loss 0.02 (0.30)	reg_loss 0.02 (0.24)
Epoch: [012][00025/00100]	Time 0.29 (0.32)	Loss 0.11 (0.45)
		cls_loss 0.06 (0.25)	reg_loss 0.05 (0.20)
Epoch: [012][00030/00100]	Time 0.29 (0.32)	Loss 0.79 (0.50)
		cls_loss 0.48 (0.29)	reg_loss 0.31 (0.22)
Epoch: [012][00035/00100]	Time 0.29 (0.31)	Loss 0.07 (0.44)
		cls_loss 0.04 (0.25)	reg_loss 0.04 (0.19)
Epoch: [012][00040/00100]	Time 0.29 (0.31)	Loss 0.25 (0.42)
		cls_loss 0.13 (0.24)	reg_loss 0.12 (0.18)
Epoch: [012][00045/00100]	Time 0.29 (0.31)	Loss 0.27 (0.40)
		cls_loss 0.17 (0.23)	reg_loss 0.10 (0.17)
Epoch: [012][00050/00100]	Time 0.29 (0.31)	Loss 0.18 (0.38)
		cls_loss 0.09 (0.22)	reg_loss 0.09 (0.16)
Epoch: [012][00055/00100]	Time 0.29 (0.30)	Loss 0.22 (0.37)
		cls_loss 0.12 (0.21)	reg_loss 0.09 (0.16)
Epoch: [012][00060/00100]	Time 0.29 (0.30)	Loss 0.12 (0.35)
		cls_loss 0.09 (0.20)	reg_loss 0.04 (0.15)
Epoch: [012][00065/00100]	Time 0.28 (0.30)	Loss 0.28 (0.34)
		cls_loss 0.17 (0.19)	reg_loss 0.11 (0.15)
Epoch: [012][00070/00100]	Time 0.29 (0.30)	Loss 0.04 (0.32)
		cls_loss 0.02 (0.18)	reg_loss 0.02 (0.14)
Epoch: [012][00075/00100]	Time 0.29 (0.30)	Loss 0.34 (0.32)
		cls_loss 0.18 (0.18)	reg_loss 0.16 (0.14)
Epoch: [012][00080/00100]	Time 0.30 (0.30)	Loss 0.11 (0.31)
		cls_loss 0.06 (0.17)	reg_loss 0.05 (0.13)
Epoch: [012][00085/00100]	Time 0.30 (0.30)	Loss 0.65 (0.33)
		cls_loss 0.42 (0.19)	reg_loss 0.23 (0.14)
Epoch: [012][00090/00100]	Time 0.29 (0.30)	Loss 0.22 (0.32)
		cls_loss 0.11 (0.18)	reg_loss 0.11 (0.14)
Epoch: [012][00095/00100]	Time 0.28 (0.30)	Loss 0.37 (0.32)
		cls_loss 0.19 (0.18)	reg_loss 0.18 (0.14)
[Train]: Epoch 12 finished with lr=0.00008765


[Train]: Epoch 13 started
Epoch: [013][00005/00100]	Time 0.40 (0.40)	Loss 0.08 (0.08)
		cls_loss 0.04 (0.04)	reg_loss 0.03 (0.03)
Epoch: [013][00010/00100]	Time 0.29 (0.34)	Loss 0.29 (0.18)
		cls_loss 0.14 (0.09)	reg_loss 0.15 (0.09)
Epoch: [013][00015/00100]	Time 0.29 (0.33)	Loss 0.11 (0.16)
		cls_loss 0.05 (0.08)	reg_loss 0.06 (0.08)
Epoch: [013][00020/00100]	Time 0.29 (0.32)	Loss 0.63 (0.28)
		cls_loss 0.30 (0.13)	reg_loss 0.33 (0.14)
Epoch: [013][00025/00100]	Time 0.29 (0.31)	Loss 0.05 (0.23)
		cls_loss 0.03 (0.11)	reg_loss 0.02 (0.12)
Epoch: [013][00030/00100]	Time 0.29 (0.31)	Loss 0.04 (0.20)
		cls_loss 0.03 (0.10)	reg_loss 0.01 (0.10)
Epoch: [013][00035/00100]	Time 0.30 (0.31)	Loss 0.10 (0.18)
		cls_loss 0.06 (0.09)	reg_loss 0.04 (0.09)
Epoch: [013][00040/00100]	Time 0.29 (0.30)	Loss 0.43 (0.21)
		cls_loss 0.21 (0.11)	reg_loss 0.21 (0.11)
Epoch: [013][00045/00100]	Time 0.29 (0.30)	Loss 0.02 (0.19)
		cls_loss 0.01 (0.10)	reg_loss 0.01 (0.10)
Epoch: [013][00050/00100]	Time 0.29 (0.30)	Loss 0.30 (0.20)
		cls_loss 0.15 (0.10)	reg_loss 0.14 (0.10)
Epoch: [013][00055/00100]	Time 0.29 (0.30)	Loss 0.70 (0.25)
		cls_loss 0.34 (0.12)	reg_loss 0.36 (0.12)
Epoch: [013][00060/00100]	Time 0.29 (0.30)	Loss 0.38 (0.26)
		cls_loss 0.21 (0.13)	reg_loss 0.17 (0.13)
Epoch: [013][00065/00100]	Time 0.29 (0.30)	Loss 0.15 (0.25)
		cls_loss 0.07 (0.13)	reg_loss 0.07 (0.12)
Epoch: [013][00070/00100]	Time 0.29 (0.30)	Loss 0.24 (0.25)
		cls_loss 0.16 (0.13)	reg_loss 0.08 (0.12)
Epoch: [013][00075/00100]	Time 0.30 (0.30)	Loss 0.27 (0.25)
		cls_loss 0.18 (0.13)	reg_loss 0.10 (0.12)
Epoch: [013][00080/00100]	Time 0.30 (0.30)	Loss 0.18 (0.25)
		cls_loss 0.10 (0.13)	reg_loss 0.07 (0.12)
Epoch: [013][00085/00100]	Time 0.30 (0.30)	Loss 0.14 (0.24)
		cls_loss 0.09 (0.13)	reg_loss 0.05 (0.11)
Epoch: [013][00090/00100]	Time 0.29 (0.30)	Loss 0.07 (0.23)
		cls_loss 0.05 (0.12)	reg_loss 0.03 (0.11)
Epoch: [013][00095/00100]	Time 0.29 (0.30)	Loss 0.08 (0.22)
		cls_loss 0.04 (0.12)	reg_loss 0.03 (0.10)
[Train]: Epoch 13 finished with lr=0.00008455


[Train]: Epoch 14 started
Epoch: [014][00005/00100]	Time 0.41 (0.41)	Loss 0.48 (0.48)
		cls_loss 0.32 (0.32)	reg_loss 0.16 (0.16)
Epoch: [014][00010/00100]	Time 0.29 (0.35)	Loss 2.06 (1.27)
		cls_loss 1.50 (0.91)	reg_loss 0.56 (0.36)
Epoch: [014][00015/00100]	Time 0.29 (0.33)	Loss 1.03 (1.19)
		cls_loss 0.45 (0.76)	reg_loss 0.58 (0.43)
Epoch: [014][00020/00100]	Time 0.28 (0.32)	Loss 0.05 (0.90)
		cls_loss 0.02 (0.57)	reg_loss 0.02 (0.33)
Epoch: [014][00025/00100]	Time 0.29 (0.31)	Loss 0.17 (0.76)
		cls_loss 0.08 (0.48)	reg_loss 0.09 (0.28)
Epoch: [014][00030/00100]	Time 0.29 (0.31)	Loss 0.16 (0.66)
		cls_loss 0.09 (0.41)	reg_loss 0.07 (0.25)
Epoch: [014][00035/00100]	Time 0.29 (0.31)	Loss 0.15 (0.59)
		cls_loss 0.10 (0.37)	reg_loss 0.04 (0.22)
Epoch: [014][00040/00100]	Time 0.29 (0.30)	Loss 0.18 (0.54)
		cls_loss 0.12 (0.34)	reg_loss 0.06 (0.20)
Epoch: [014][00045/00100]	Time 0.29 (0.30)	Loss 1.00 (0.59)
		cls_loss 0.45 (0.35)	reg_loss 0.55 (0.24)
Epoch: [014][00050/00100]	Time 0.29 (0.30)	Loss 0.08 (0.54)
		cls_loss 0.04 (0.32)	reg_loss 0.03 (0.22)
Epoch: [014][00055/00100]	Time 0.29 (0.30)	Loss 0.12 (0.50)
		cls_loss 0.06 (0.30)	reg_loss 0.06 (0.20)
Epoch: [014][00060/00100]	Time 0.29 (0.30)	Loss 0.54 (0.50)
		cls_loss 0.27 (0.29)	reg_loss 0.27 (0.21)
Epoch: [014][00065/00100]	Time 0.29 (0.30)	Loss 0.87 (0.53)
		cls_loss 0.45 (0.31)	reg_loss 0.42 (0.22)
Epoch: [014][00070/00100]	Time 0.29 (0.30)	Loss 0.07 (0.50)
		cls_loss 0.03 (0.29)	reg_loss 0.03 (0.21)
Epoch: [014][00075/00100]	Time 0.29 (0.30)	Loss 0.03 (0.47)
		cls_loss 0.01 (0.27)	reg_loss 0.02 (0.20)
Epoch: [014][00080/00100]	Time 0.29 (0.30)	Loss 0.84 (0.49)
		cls_loss 0.43 (0.28)	reg_loss 0.41 (0.21)
Epoch: [014][00085/00100]	Time 0.29 (0.30)	Loss 0.03 (0.46)
		cls_loss 0.02 (0.26)	reg_loss 0.01 (0.20)
Epoch: [014][00090/00100]	Time 0.29 (0.30)	Loss 0.41 (0.46)
		cls_loss 0.24 (0.26)	reg_loss 0.18 (0.20)
Epoch: [014][00095/00100]	Time 0.29 (0.30)	Loss 0.05 (0.44)
		cls_loss 0.03 (0.25)	reg_loss 0.02 (0.19)
[Train]: Epoch 14 finished with lr=0.00008118


[Train]: Epoch 15 started
Epoch: [015][00005/00100]	Time 0.47 (0.47)	Loss 0.18 (0.18)
		cls_loss 0.11 (0.11)	reg_loss 0.07 (0.07)
Epoch: [015][00010/00100]	Time 0.28 (0.38)	Loss 0.05 (0.11)
		cls_loss 0.03 (0.07)	reg_loss 0.02 (0.04)
Epoch: [015][00015/00100]	Time 0.29 (0.35)	Loss 1.28 (0.50)
		cls_loss 0.58 (0.24)	reg_loss 0.71 (0.27)
Epoch: [015][00020/00100]	Time 0.29 (0.33)	Loss 0.06 (0.39)
		cls_loss 0.03 (0.19)	reg_loss 0.03 (0.21)
Epoch: [015][00025/00100]	Time 0.28 (0.32)	Loss 0.11 (0.34)
		cls_loss 0.08 (0.16)	reg_loss 0.03 (0.17)
Epoch: [015][00030/00100]	Time 0.28 (0.32)	Loss 0.16 (0.31)
		cls_loss 0.09 (0.15)	reg_loss 0.06 (0.15)
Epoch: [015][00035/00100]	Time 0.29 (0.31)	Loss 1.08 (0.42)
		cls_loss 0.49 (0.20)	reg_loss 0.60 (0.22)
Epoch: [015][00040/00100]	Time 0.29 (0.31)	Loss 0.22 (0.39)
		cls_loss 0.12 (0.19)	reg_loss 0.10 (0.20)
Epoch: [015][00045/00100]	Time 0.28 (0.31)	Loss 0.17 (0.37)
		cls_loss 0.08 (0.18)	reg_loss 0.08 (0.19)
Epoch: [015][00050/00100]	Time 0.29 (0.30)	Loss 0.88 (0.42)
		cls_loss 0.53 (0.21)	reg_loss 0.35 (0.21)
Epoch: [015][00055/00100]	Time 0.29 (0.30)	Loss 0.22 (0.40)
		cls_loss 0.13 (0.21)	reg_loss 0.09 (0.19)
Epoch: [015][00060/00100]	Time 0.29 (0.30)	Loss 0.35 (0.40)
		cls_loss 0.19 (0.20)	reg_loss 0.16 (0.19)
Epoch: [015][00065/00100]	Time 0.29 (0.30)	Loss 0.08 (0.37)
		cls_loss 0.03 (0.19)	reg_loss 0.05 (0.18)
Epoch: [015][00070/00100]	Time 0.29 (0.30)	Loss 0.21 (0.36)
		cls_loss 0.14 (0.19)	reg_loss 0.07 (0.17)
Epoch: [015][00075/00100]	Time 0.29 (0.30)	Loss 0.16 (0.35)
		cls_loss 0.09 (0.18)	reg_loss 0.07 (0.17)
Epoch: [015][00080/00100]	Time 0.29 (0.30)	Loss 0.08 (0.33)
		cls_loss 0.03 (0.17)	reg_loss 0.04 (0.16)
Epoch: [015][00085/00100]	Time 0.29 (0.30)	Loss 0.28 (0.33)
		cls_loss 0.14 (0.17)	reg_loss 0.14 (0.16)
Epoch: [015][00090/00100]	Time 0.29 (0.30)	Loss 0.26 (0.32)
		cls_loss 0.13 (0.17)	reg_loss 0.13 (0.16)
Epoch: [015][00095/00100]	Time 0.29 (0.30)	Loss 0.55 (0.34)
		cls_loss 0.29 (0.17)	reg_loss 0.27 (0.16)
[Train]: Epoch 15 finished with lr=0.00007755


[Train]: Epoch 16 started
Epoch: [016][00005/00100]	Time 0.37 (0.37)	Loss 0.18 (0.18)
		cls_loss 0.11 (0.11)	reg_loss 0.07 (0.07)
Epoch: [016][00010/00100]	Time 0.29 (0.33)	Loss 0.11 (0.15)
		cls_loss 0.06 (0.09)	reg_loss 0.05 (0.06)
Epoch: [016][00015/00100]	Time 0.29 (0.32)	Loss 0.19 (0.16)
		cls_loss 0.10 (0.09)	reg_loss 0.09 (0.07)
Epoch: [016][00020/00100]	Time 0.29 (0.31)	Loss 0.21 (0.17)
		cls_loss 0.14 (0.10)	reg_loss 0.07 (0.07)
Epoch: [016][00025/00100]	Time 0.29 (0.30)	Loss 1.05 (0.35)
		cls_loss 0.50 (0.18)	reg_loss 0.55 (0.17)
Epoch: [016][00030/00100]	Time 0.29 (0.30)	Loss 0.02 (0.29)
		cls_loss 0.01 (0.15)	reg_loss 0.01 (0.14)
Epoch: [016][00035/00100]	Time 0.29 (0.30)	Loss 0.37 (0.30)
		cls_loss 0.18 (0.16)	reg_loss 0.19 (0.15)
Epoch: [016][00040/00100]	Time 0.29 (0.30)	Loss 0.59 (0.34)
		cls_loss 0.31 (0.18)	reg_loss 0.28 (0.16)
Epoch: [016][00045/00100]	Time 0.29 (0.30)	Loss 0.41 (0.35)
		cls_loss 0.20 (0.18)	reg_loss 0.21 (0.17)
Epoch: [016][00050/00100]	Time 0.29 (0.30)	Loss 0.21 (0.33)
		cls_loss 0.13 (0.17)	reg_loss 0.08 (0.16)
Epoch: [016][00055/00100]	Time 0.29 (0.30)	Loss 0.24 (0.33)
		cls_loss 0.11 (0.17)	reg_loss 0.13 (0.16)
Epoch: [016][00060/00100]	Time 0.29 (0.30)	Loss 0.25 (0.32)
		cls_loss 0.13 (0.17)	reg_loss 0.12 (0.15)
Epoch: [016][00065/00100]	Time 0.29 (0.30)	Loss 0.30 (0.32)
		cls_loss 0.15 (0.16)	reg_loss 0.15 (0.15)
Epoch: [016][00070/00100]	Time 0.29 (0.30)	Loss 0.04 (0.30)
		cls_loss 0.02 (0.15)	reg_loss 0.02 (0.14)
Epoch: [016][00075/00100]	Time 0.29 (0.30)	Loss 0.61 (0.32)
		cls_loss 0.31 (0.16)	reg_loss 0.30 (0.15)
Epoch: [016][00080/00100]	Time 0.29 (0.30)	Loss 0.18 (0.31)
		cls_loss 0.13 (0.16)	reg_loss 0.06 (0.15)
Epoch: [016][00085/00100]	Time 0.29 (0.30)	Loss 0.16 (0.30)
		cls_loss 0.10 (0.16)	reg_loss 0.07 (0.14)
Epoch: [016][00090/00100]	Time 0.29 (0.29)	Loss 0.09 (0.29)
		cls_loss 0.05 (0.15)	reg_loss 0.04 (0.14)
Epoch: [016][00095/00100]	Time 0.28 (0.29)	Loss 0.01 (0.28)
		cls_loss 0.01 (0.14)	reg_loss 0.01 (0.13)
[Train]: Epoch 16 finished with lr=0.00007370


[Train]: Epoch 17 started
Epoch: [017][00005/00100]	Time 0.40 (0.40)	Loss 0.15 (0.15)
		cls_loss 0.08 (0.08)	reg_loss 0.07 (0.07)
Epoch: [017][00010/00100]	Time 0.29 (0.34)	Loss 0.21 (0.18)
		cls_loss 0.13 (0.10)	reg_loss 0.08 (0.08)
Epoch: [017][00015/00100]	Time 0.30 (0.33)	Loss 0.23 (0.20)
		cls_loss 0.14 (0.12)	reg_loss 0.09 (0.08)
Epoch: [017][00020/00100]	Time 0.29 (0.32)	Loss 0.32 (0.23)
		cls_loss 0.15 (0.12)	reg_loss 0.17 (0.10)
Epoch: [017][00025/00100]	Time 0.29 (0.31)	Loss 0.40 (0.26)
		cls_loss 0.22 (0.14)	reg_loss 0.19 (0.12)
Epoch: [017][00030/00100]	Time 0.30 (0.31)	Loss 0.58 (0.32)
		cls_loss 0.35 (0.18)	reg_loss 0.24 (0.14)
Epoch: [017][00035/00100]	Time 0.29 (0.31)	Loss 1.10 (0.43)
		cls_loss 0.60 (0.24)	reg_loss 0.50 (0.19)
Epoch: [017][00040/00100]	Time 0.29 (0.31)	Loss 0.06 (0.38)
		cls_loss 0.04 (0.21)	reg_loss 0.03 (0.17)
Epoch: [017][00045/00100]	Time 0.29 (0.30)	Loss 0.22 (0.36)
		cls_loss 0.12 (0.20)	reg_loss 0.09 (0.16)
Epoch: [017][00050/00100]	Time 0.29 (0.30)	Loss 0.51 (0.38)
		cls_loss 0.22 (0.20)	reg_loss 0.30 (0.18)
Epoch: [017][00055/00100]	Time 0.31 (0.30)	Loss 0.28 (0.37)
		cls_loss 0.14 (0.20)	reg_loss 0.13 (0.17)
Epoch: [017][00060/00100]	Time 0.29 (0.30)	Loss 0.14 (0.35)
		cls_loss 0.07 (0.19)	reg_loss 0.07 (0.16)
Epoch: [017][00065/00100]	Time 0.29 (0.30)	Loss 0.08 (0.33)
		cls_loss 0.05 (0.18)	reg_loss 0.03 (0.15)
Epoch: [017][00070/00100]	Time 0.29 (0.30)	Loss 0.04 (0.31)
		cls_loss 0.02 (0.17)	reg_loss 0.02 (0.14)
Epoch: [017][00075/00100]	Time 0.29 (0.30)	Loss 1.11 (0.36)
		cls_loss 0.84 (0.21)	reg_loss 0.27 (0.15)
Epoch: [017][00080/00100]	Time 0.29 (0.30)	Loss 0.31 (0.36)
		cls_loss 0.18 (0.21)	reg_loss 0.13 (0.15)
Epoch: [017][00085/00100]	Time 0.29 (0.30)	Loss 0.23 (0.35)
		cls_loss 0.11 (0.20)	reg_loss 0.13 (0.15)
Epoch: [017][00090/00100]	Time 0.29 (0.30)	Loss 0.23 (0.34)
		cls_loss 0.14 (0.20)	reg_loss 0.09 (0.15)
Epoch: [017][00095/00100]	Time 0.28 (0.30)	Loss 0.20 (0.34)
		cls_loss 0.11 (0.19)	reg_loss 0.09 (0.14)
[Train]: Epoch 17 finished with lr=0.00006965


[Train]: Epoch 18 started
Epoch: [018][00005/00100]	Time 0.41 (0.41)	Loss 0.22 (0.22)
		cls_loss 0.14 (0.14)	reg_loss 0.08 (0.08)
Epoch: [018][00010/00100]	Time 0.29 (0.35)	Loss 0.65 (0.43)
		cls_loss 0.34 (0.24)	reg_loss 0.30 (0.19)
Epoch: [018][00015/00100]	Time 0.29 (0.33)	Loss 0.16 (0.34)
		cls_loss 0.07 (0.18)	reg_loss 0.09 (0.16)
Epoch: [018][00020/00100]	Time 0.29 (0.32)	Loss 0.06 (0.27)
		cls_loss 0.03 (0.15)	reg_loss 0.03 (0.12)
Epoch: [018][00025/00100]	Time 0.29 (0.32)	Loss 0.12 (0.24)
		cls_loss 0.05 (0.13)	reg_loss 0.07 (0.11)
Epoch: [018][00030/00100]	Time 0.29 (0.31)	Loss 0.17 (0.23)
		cls_loss 0.10 (0.12)	reg_loss 0.08 (0.11)
Epoch: [018][00035/00100]	Time 0.29 (0.31)	Loss 0.08 (0.21)
		cls_loss 0.04 (0.11)	reg_loss 0.03 (0.10)
Epoch: [018][00040/00100]	Time 0.29 (0.31)	Loss 0.09 (0.19)
		cls_loss 0.05 (0.10)	reg_loss 0.04 (0.09)
Epoch: [018][00045/00100]	Time 0.29 (0.30)	Loss 0.15 (0.19)
		cls_loss 0.08 (0.10)	reg_loss 0.06 (0.09)
Epoch: [018][00050/00100]	Time 0.29 (0.30)	Loss 0.10 (0.18)
		cls_loss 0.05 (0.10)	reg_loss 0.04 (0.08)
Epoch: [018][00055/00100]	Time 0.29 (0.30)	Loss 0.09 (0.17)
		cls_loss 0.05 (0.09)	reg_loss 0.04 (0.08)
Epoch: [018][00060/00100]	Time 0.29 (0.30)	Loss 0.40 (0.19)
		cls_loss 0.22 (0.10)	reg_loss 0.18 (0.09)
Epoch: [018][00065/00100]	Time 0.29 (0.30)	Loss 0.16 (0.19)
		cls_loss 0.07 (0.10)	reg_loss 0.10 (0.09)
Epoch: [018][00070/00100]	Time 0.29 (0.30)	Loss 0.70 (0.22)
		cls_loss 0.33 (0.12)	reg_loss 0.37 (0.11)
Epoch: [018][00075/00100]	Time 0.29 (0.30)	Loss 0.53 (0.25)
		cls_loss 0.30 (0.13)	reg_loss 0.23 (0.12)
Epoch: [018][00080/00100]	Time 0.29 (0.30)	Loss 0.40 (0.25)
		cls_loss 0.23 (0.13)	reg_loss 0.17 (0.12)
Epoch: [018][00085/00100]	Time 0.29 (0.30)	Loss 0.36 (0.26)
		cls_loss 0.17 (0.14)	reg_loss 0.19 (0.12)
Epoch: [018][00090/00100]	Time 0.29 (0.30)	Loss 0.08 (0.25)
		cls_loss 0.04 (0.13)	reg_loss 0.04 (0.12)
Epoch: [018][00095/00100]	Time 0.29 (0.30)	Loss 0.12 (0.24)
		cls_loss 0.08 (0.13)	reg_loss 0.04 (0.11)
[Train]: Epoch 18 finished with lr=0.00006545


[Train]: Epoch 19 started
Epoch: [019][00005/00100]	Time 0.37 (0.37)	Loss 0.55 (0.55)
		cls_loss 0.35 (0.35)	reg_loss 0.20 (0.20)
Epoch: [019][00010/00100]	Time 0.29 (0.33)	Loss 0.44 (0.49)
		cls_loss 0.24 (0.30)	reg_loss 0.20 (0.20)
Epoch: [019][00015/00100]	Time 0.29 (0.32)	Loss 0.19 (0.39)
		cls_loss 0.11 (0.23)	reg_loss 0.08 (0.16)
Epoch: [019][00020/00100]	Time 0.29 (0.31)	Loss 0.02 (0.30)
		cls_loss 0.01 (0.18)	reg_loss 0.01 (0.12)
Epoch: [019][00025/00100]	Time 0.29 (0.31)	Loss 0.21 (0.28)
		cls_loss 0.11 (0.16)	reg_loss 0.10 (0.12)
Epoch: [019][00030/00100]	Time 0.29 (0.30)	Loss 0.35 (0.29)
		cls_loss 0.16 (0.16)	reg_loss 0.20 (0.13)
Epoch: [019][00035/00100]	Time 0.29 (0.30)	Loss 0.08 (0.26)
		cls_loss 0.03 (0.14)	reg_loss 0.05 (0.12)
Epoch: [019][00040/00100]	Time 0.29 (0.30)	Loss 0.22 (0.26)
		cls_loss 0.10 (0.14)	reg_loss 0.12 (0.12)
Epoch: [019][00045/00100]	Time 0.29 (0.30)	Loss 0.06 (0.23)
		cls_loss 0.03 (0.13)	reg_loss 0.03 (0.11)
Epoch: [019][00050/00100]	Time 0.30 (0.30)	Loss 0.28 (0.24)
		cls_loss 0.20 (0.13)	reg_loss 0.08 (0.11)
Epoch: [019][00055/00100]	Time 0.29 (0.30)	Loss 0.40 (0.25)
		cls_loss 0.20 (0.14)	reg_loss 0.21 (0.11)
Epoch: [019][00060/00100]	Time 0.30 (0.30)	Loss 0.10 (0.24)
		cls_loss 0.06 (0.13)	reg_loss 0.04 (0.11)
Epoch: [019][00065/00100]	Time 0.29 (0.30)	Loss 0.14 (0.23)
		cls_loss 0.07 (0.13)	reg_loss 0.07 (0.11)
Epoch: [019][00070/00100]	Time 0.29 (0.30)	Loss 0.03 (0.22)
		cls_loss 0.02 (0.12)	reg_loss 0.01 (0.10)
Epoch: [019][00075/00100]	Time 0.29 (0.30)	Loss 0.37 (0.23)
		cls_loss 0.19 (0.12)	reg_loss 0.18 (0.10)
Epoch: [019][00080/00100]	Time 0.29 (0.30)	Loss 0.40 (0.24)
		cls_loss 0.23 (0.13)	reg_loss 0.17 (0.11)
Epoch: [019][00085/00100]	Time 0.29 (0.30)	Loss 0.50 (0.25)
		cls_loss 0.29 (0.14)	reg_loss 0.21 (0.11)
Epoch: [019][00090/00100]	Time 0.29 (0.30)	Loss 0.03 (0.24)
		cls_loss 0.02 (0.13)	reg_loss 0.01 (0.11)
Epoch: [019][00095/00100]	Time 0.29 (0.30)	Loss 0.05 (0.23)
		cls_loss 0.02 (0.13)	reg_loss 0.03 (0.10)
[Train]: Epoch 19 finished with lr=0.00006113


[Train]: Epoch 20 started
Epoch: [020][00005/00100]	Time 0.37 (0.37)	Loss 0.46 (0.46)
		cls_loss 0.24 (0.24)	reg_loss 0.22 (0.22)
Epoch: [020][00010/00100]	Time 0.29 (0.33)	Loss 0.05 (0.26)
		cls_loss 0.03 (0.13)	reg_loss 0.02 (0.12)
Epoch: [020][00015/00100]	Time 0.30 (0.32)	Loss 0.14 (0.22)
		cls_loss 0.07 (0.11)	reg_loss 0.07 (0.11)
Epoch: [020][00020/00100]	Time 0.29 (0.31)	Loss 0.09 (0.19)
		cls_loss 0.06 (0.10)	reg_loss 0.03 (0.09)
Epoch: [020][00025/00100]	Time 0.29 (0.31)	Loss 0.37 (0.22)
		cls_loss 0.18 (0.12)	reg_loss 0.19 (0.11)
Epoch: [020][00030/00100]	Time 0.29 (0.30)	Loss 0.23 (0.22)
		cls_loss 0.11 (0.11)	reg_loss 0.12 (0.11)
Epoch: [020][00035/00100]	Time 0.29 (0.30)	Loss 0.19 (0.22)
		cls_loss 0.12 (0.12)	reg_loss 0.07 (0.10)
Epoch: [020][00040/00100]	Time 0.29 (0.30)	Loss 0.12 (0.21)
		cls_loss 0.06 (0.11)	reg_loss 0.07 (0.10)
Epoch: [020][00045/00100]	Time 0.29 (0.30)	Loss 0.13 (0.20)
		cls_loss 0.07 (0.10)	reg_loss 0.05 (0.09)
Epoch: [020][00050/00100]	Time 0.29 (0.30)	Loss 0.13 (0.19)
		cls_loss 0.06 (0.10)	reg_loss 0.07 (0.09)
Epoch: [020][00055/00100]	Time 0.30 (0.30)	Loss 0.16 (0.19)
		cls_loss 0.09 (0.10)	reg_loss 0.08 (0.09)
Epoch: [020][00060/00100]	Time 0.29 (0.30)	Loss 0.09 (0.18)
		cls_loss 0.06 (0.10)	reg_loss 0.03 (0.09)
Epoch: [020][00065/00100]	Time 0.29 (0.30)	Loss 0.41 (0.20)
		cls_loss 0.20 (0.10)	reg_loss 0.21 (0.09)
Epoch: [020][00070/00100]	Time 0.29 (0.30)	Loss 0.11 (0.19)
		cls_loss 0.06 (0.10)	reg_loss 0.04 (0.09)
Epoch: [020][00075/00100]	Time 0.29 (0.30)	Loss 0.15 (0.19)
		cls_loss 0.08 (0.10)	reg_loss 0.07 (0.09)
Epoch: [020][00080/00100]	Time 0.29 (0.30)	Loss 1.01 (0.24)
		cls_loss 0.51 (0.13)	reg_loss 0.50 (0.12)
Epoch: [020][00085/00100]	Time 0.29 (0.29)	Loss 0.36 (0.25)
		cls_loss 0.20 (0.13)	reg_loss 0.16 (0.12)
Epoch: [020][00090/00100]	Time 0.29 (0.29)	Loss 0.12 (0.24)
		cls_loss 0.06 (0.13)	reg_loss 0.06 (0.11)
Epoch: [020][00095/00100]	Time 0.29 (0.29)	Loss 0.71 (0.27)
		cls_loss 0.36 (0.14)	reg_loss 0.35 (0.13)
[Train]: Epoch 20 finished with lr=0.00005672


[Train]: Epoch 21 started
Epoch: [021][00005/00100]	Time 0.40 (0.40)	Loss 0.23 (0.23)
		cls_loss 0.10 (0.10)	reg_loss 0.13 (0.13)
Epoch: [021][00010/00100]	Time 0.30 (0.35)	Loss 0.12 (0.17)
		cls_loss 0.06 (0.08)	reg_loss 0.06 (0.10)
Epoch: [021][00015/00100]	Time 0.29 (0.33)	Loss 0.33 (0.23)
		cls_loss 0.19 (0.12)	reg_loss 0.14 (0.11)
Epoch: [021][00020/00100]	Time 0.29 (0.32)	Loss 0.15 (0.21)
		cls_loss 0.10 (0.11)	reg_loss 0.05 (0.09)
Epoch: [021][00025/00100]	Time 0.29 (0.32)	Loss 0.43 (0.25)
		cls_loss 0.23 (0.14)	reg_loss 0.20 (0.11)
Epoch: [021][00030/00100]	Time 0.29 (0.31)	Loss 0.43 (0.28)
		cls_loss 0.21 (0.15)	reg_loss 0.22 (0.13)
Epoch: [021][00035/00100]	Time 0.29 (0.31)	Loss 0.11 (0.25)
		cls_loss 0.05 (0.13)	reg_loss 0.05 (0.12)
Epoch: [021][00040/00100]	Time 0.29 (0.31)	Loss 0.45 (0.28)
		cls_loss 0.22 (0.14)	reg_loss 0.24 (0.13)
Epoch: [021][00045/00100]	Time 0.29 (0.31)	Loss 0.12 (0.26)
		cls_loss 0.05 (0.13)	reg_loss 0.07 (0.13)
Epoch: [021][00050/00100]	Time 0.29 (0.30)	Loss 1.05 (0.34)
		cls_loss 0.50 (0.17)	reg_loss 0.55 (0.17)
Epoch: [021][00055/00100]	Time 0.30 (0.30)	Loss 0.04 (0.31)
		cls_loss 0.02 (0.16)	reg_loss 0.02 (0.16)
Epoch: [021][00060/00100]	Time 0.29 (0.30)	Loss 0.91 (0.36)
		cls_loss 0.44 (0.18)	reg_loss 0.47 (0.18)
Epoch: [021][00065/00100]	Time 0.29 (0.30)	Loss 1.04 (0.41)
		cls_loss 0.44 (0.20)	reg_loss 0.60 (0.21)
Epoch: [021][00070/00100]	Time 0.30 (0.30)	Loss 0.47 (0.42)
		cls_loss 0.23 (0.20)	reg_loss 0.23 (0.22)
Epoch: [021][00075/00100]	Time 0.29 (0.30)	Loss 0.22 (0.41)
		cls_loss 0.12 (0.20)	reg_loss 0.10 (0.21)
Epoch: [021][00080/00100]	Time 0.29 (0.30)	Loss 0.15 (0.39)
		cls_loss 0.08 (0.19)	reg_loss 0.07 (0.20)
Epoch: [021][00085/00100]	Time 0.29 (0.30)	Loss 0.20 (0.38)
		cls_loss 0.10 (0.19)	reg_loss 0.10 (0.19)
Epoch: [021][00090/00100]	Time 0.30 (0.30)	Loss 0.23 (0.37)
		cls_loss 0.12 (0.18)	reg_loss 0.11 (0.19)
Epoch: [021][00095/00100]	Time 0.28 (0.30)	Loss 0.61 (0.38)
		cls_loss 0.32 (0.19)	reg_loss 0.29 (0.19)
[Train]: Epoch 21 finished with lr=0.00005225


[Train]: Epoch 22 started
Epoch: [022][00005/00100]	Time 0.41 (0.41)	Loss 0.12 (0.12)
		cls_loss 0.06 (0.06)	reg_loss 0.06 (0.06)
Epoch: [022][00010/00100]	Time 0.29 (0.35)	Loss 0.13 (0.12)
		cls_loss 0.06 (0.06)	reg_loss 0.07 (0.06)
Epoch: [022][00015/00100]	Time 0.29 (0.33)	Loss 0.09 (0.11)
		cls_loss 0.05 (0.06)	reg_loss 0.04 (0.06)
Epoch: [022][00020/00100]	Time 0.29 (0.32)	Loss 0.77 (0.28)
		cls_loss 0.39 (0.14)	reg_loss 0.38 (0.14)
Epoch: [022][00025/00100]	Time 0.29 (0.31)	Loss 0.01 (0.23)
		cls_loss 0.01 (0.11)	reg_loss 0.01 (0.11)
Epoch: [022][00030/00100]	Time 0.29 (0.31)	Loss 0.05 (0.20)
		cls_loss 0.03 (0.10)	reg_loss 0.02 (0.10)
Epoch: [022][00035/00100]	Time 0.29 (0.31)	Loss 0.38 (0.22)
		cls_loss 0.18 (0.11)	reg_loss 0.20 (0.11)
Epoch: [022][00040/00100]	Time 0.31 (0.31)	Loss 0.21 (0.22)
		cls_loss 0.11 (0.11)	reg_loss 0.09 (0.11)
Epoch: [022][00045/00100]	Time 0.29 (0.31)	Loss 0.31 (0.23)
		cls_loss 0.14 (0.11)	reg_loss 0.16 (0.12)
Epoch: [022][00050/00100]	Time 0.29 (0.30)	Loss 0.41 (0.25)
		cls_loss 0.19 (0.12)	reg_loss 0.22 (0.13)
Epoch: [022][00055/00100]	Time 0.29 (0.30)	Loss 0.20 (0.24)
		cls_loss 0.10 (0.12)	reg_loss 0.10 (0.12)
Epoch: [022][00060/00100]	Time 0.29 (0.30)	Loss 0.20 (0.24)
		cls_loss 0.08 (0.12)	reg_loss 0.12 (0.12)
Epoch: [022][00065/00100]	Time 0.29 (0.30)	Loss 0.27 (0.24)
		cls_loss 0.14 (0.12)	reg_loss 0.14 (0.12)
Epoch: [022][00070/00100]	Time 0.29 (0.30)	Loss 0.24 (0.24)
		cls_loss 0.12 (0.12)	reg_loss 0.13 (0.12)
Epoch: [022][00075/00100]	Time 0.29 (0.30)	Loss 0.06 (0.23)
		cls_loss 0.03 (0.11)	reg_loss 0.02 (0.12)
Epoch: [022][00080/00100]	Time 0.29 (0.30)	Loss 0.17 (0.23)
		cls_loss 0.09 (0.11)	reg_loss 0.08 (0.12)
Epoch: [022][00085/00100]	Time 0.31 (0.30)	Loss 0.16 (0.22)
		cls_loss 0.09 (0.11)	reg_loss 0.07 (0.11)
Epoch: [022][00090/00100]	Time 0.29 (0.30)	Loss 0.06 (0.21)
		cls_loss 0.03 (0.11)	reg_loss 0.04 (0.11)
Epoch: [022][00095/00100]	Time 0.29 (0.30)	Loss 0.06 (0.21)
		cls_loss 0.03 (0.10)	reg_loss 0.03 (0.10)
[Train]: Epoch 22 finished with lr=0.00004776


[Train]: Epoch 23 started
Epoch: [023][00005/00100]	Time 0.44 (0.44)	Loss 0.60 (0.60)
		cls_loss 0.31 (0.31)	reg_loss 0.29 (0.29)
Epoch: [023][00010/00100]	Time 0.29 (0.36)	Loss 0.09 (0.35)
		cls_loss 0.05 (0.18)	reg_loss 0.05 (0.17)
Epoch: [023][00015/00100]	Time 0.29 (0.34)	Loss 0.02 (0.24)
		cls_loss 0.01 (0.12)	reg_loss 0.01 (0.12)
Epoch: [023][00020/00100]	Time 0.29 (0.33)	Loss 1.11 (0.46)
		cls_loss 0.50 (0.22)	reg_loss 0.61 (0.24)
Epoch: [023][00025/00100]	Time 0.30 (0.32)	Loss 0.06 (0.38)
		cls_loss 0.03 (0.18)	reg_loss 0.03 (0.20)
Epoch: [023][00030/00100]	Time 0.29 (0.32)	Loss 0.04 (0.32)
		cls_loss 0.02 (0.15)	reg_loss 0.02 (0.17)
Epoch: [023][00035/00100]	Time 0.29 (0.31)	Loss 0.72 (0.38)
		cls_loss 0.47 (0.20)	reg_loss 0.25 (0.18)
Epoch: [023][00040/00100]	Time 0.29 (0.31)	Loss 0.07 (0.34)
		cls_loss 0.04 (0.18)	reg_loss 0.03 (0.16)
Epoch: [023][00045/00100]	Time 0.29 (0.31)	Loss 0.08 (0.31)
		cls_loss 0.05 (0.16)	reg_loss 0.04 (0.15)
Epoch: [023][00050/00100]	Time 0.29 (0.31)	Loss 0.14 (0.29)
		cls_loss 0.08 (0.16)	reg_loss 0.06 (0.14)
Epoch: [023][00055/00100]	Time 0.30 (0.31)	Loss 0.43 (0.31)
		cls_loss 0.22 (0.16)	reg_loss 0.21 (0.15)
Epoch: [023][00060/00100]	Time 0.29 (0.30)	Loss 0.06 (0.29)
		cls_loss 0.04 (0.15)	reg_loss 0.02 (0.14)
Epoch: [023][00065/00100]	Time 0.29 (0.30)	Loss 0.23 (0.28)
		cls_loss 0.10 (0.15)	reg_loss 0.13 (0.14)
Epoch: [023][00070/00100]	Time 0.29 (0.30)	Loss 0.62 (0.31)
		cls_loss 0.32 (0.16)	reg_loss 0.30 (0.15)
Epoch: [023][00075/00100]	Time 0.29 (0.30)	Loss 0.41 (0.31)
		cls_loss 0.19 (0.16)	reg_loss 0.22 (0.15)
Epoch: [023][00080/00100]	Time 0.29 (0.30)	Loss 0.14 (0.30)
		cls_loss 0.06 (0.16)	reg_loss 0.08 (0.15)
Epoch: [023][00085/00100]	Time 0.29 (0.30)	Loss 0.21 (0.30)
		cls_loss 0.11 (0.15)	reg_loss 0.11 (0.15)
Epoch: [023][00090/00100]	Time 0.30 (0.30)	Loss 0.27 (0.30)
		cls_loss 0.15 (0.15)	reg_loss 0.13 (0.14)
Epoch: [023][00095/00100]	Time 0.29 (0.30)	Loss 0.19 (0.29)
		cls_loss 0.10 (0.15)	reg_loss 0.09 (0.14)
[Train]: Epoch 23 finished with lr=0.00004329


[Train]: Epoch 24 started
Epoch: [024][00005/00100]	Time 0.49 (0.49)	Loss 0.15 (0.15)
		cls_loss 0.08 (0.08)	reg_loss 0.07 (0.07)
Epoch: [024][00010/00100]	Time 0.29 (0.39)	Loss 0.21 (0.18)
		cls_loss 0.13 (0.10)	reg_loss 0.08 (0.08)
Epoch: [024][00015/00100]	Time 0.29 (0.36)	Loss 0.31 (0.22)
		cls_loss 0.19 (0.13)	reg_loss 0.12 (0.09)
Epoch: [024][00020/00100]	Time 0.30 (0.34)	Loss 0.19 (0.21)
		cls_loss 0.11 (0.13)	reg_loss 0.08 (0.09)
Epoch: [024][00025/00100]	Time 0.29 (0.33)	Loss 0.04 (0.18)
		cls_loss 0.01 (0.10)	reg_loss 0.03 (0.08)
Epoch: [024][00030/00100]	Time 0.29 (0.33)	Loss 0.19 (0.18)
		cls_loss 0.08 (0.10)	reg_loss 0.11 (0.08)
Epoch: [024][00035/00100]	Time 0.29 (0.32)	Loss 0.10 (0.17)
		cls_loss 0.05 (0.09)	reg_loss 0.04 (0.08)
Epoch: [024][00040/00100]	Time 0.28 (0.32)	Loss 0.12 (0.16)
		cls_loss 0.05 (0.09)	reg_loss 0.07 (0.08)
Epoch: [024][00045/00100]	Time 0.29 (0.31)	Loss 0.21 (0.17)
		cls_loss 0.11 (0.09)	reg_loss 0.10 (0.08)
Epoch: [024][00050/00100]	Time 0.29 (0.31)	Loss 0.04 (0.16)
		cls_loss 0.02 (0.08)	reg_loss 0.02 (0.07)
Epoch: [024][00055/00100]	Time 0.29 (0.31)	Loss 0.12 (0.15)
		cls_loss 0.08 (0.08)	reg_loss 0.04 (0.07)
Epoch: [024][00060/00100]	Time 0.29 (0.31)	Loss 0.13 (0.15)
		cls_loss 0.06 (0.08)	reg_loss 0.07 (0.07)
Epoch: [024][00065/00100]	Time 0.29 (0.31)	Loss 0.11 (0.15)
		cls_loss 0.06 (0.08)	reg_loss 0.05 (0.07)
Epoch: [024][00070/00100]	Time 0.29 (0.30)	Loss 0.09 (0.14)
		cls_loss 0.04 (0.08)	reg_loss 0.04 (0.07)
Epoch: [024][00075/00100]	Time 0.30 (0.30)	Loss 0.44 (0.16)
		cls_loss 0.23 (0.09)	reg_loss 0.22 (0.08)
Epoch: [024][00080/00100]	Time 0.29 (0.30)	Loss 0.08 (0.16)
		cls_loss 0.04 (0.08)	reg_loss 0.04 (0.07)
Epoch: [024][00085/00100]	Time 0.29 (0.30)	Loss 0.09 (0.15)
		cls_loss 0.05 (0.08)	reg_loss 0.04 (0.07)
Epoch: [024][00090/00100]	Time 0.31 (0.30)	Loss 0.34 (0.16)
		cls_loss 0.21 (0.09)	reg_loss 0.13 (0.07)
Epoch: [024][00095/00100]	Time 0.29 (0.30)	Loss 0.04 (0.16)
		cls_loss 0.02 (0.09)	reg_loss 0.02 (0.07)
[Train]: Epoch 24 finished with lr=0.00003888


[Train]: Epoch 25 started
Epoch: [025][00005/00100]	Time 0.41 (0.41)	Loss 0.23 (0.23)
		cls_loss 0.11 (0.11)	reg_loss 0.12 (0.12)
Epoch: [025][00010/00100]	Time 0.30 (0.35)	Loss 0.03 (0.13)
		cls_loss 0.01 (0.06)	reg_loss 0.01 (0.07)
Epoch: [025][00015/00100]	Time 0.29 (0.33)	Loss 0.03 (0.10)
		cls_loss 0.01 (0.05)	reg_loss 0.02 (0.05)
Epoch: [025][00020/00100]	Time 0.28 (0.32)	Loss 0.30 (0.15)
		cls_loss 0.14 (0.07)	reg_loss 0.16 (0.08)
Epoch: [025][00025/00100]	Time 0.29 (0.31)	Loss 0.04 (0.13)
		cls_loss 0.02 (0.06)	reg_loss 0.02 (0.07)
Epoch: [025][00030/00100]	Time 0.29 (0.31)	Loss 0.07 (0.12)
		cls_loss 0.03 (0.06)	reg_loss 0.03 (0.06)
Epoch: [025][00035/00100]	Time 0.29 (0.31)	Loss 0.29 (0.14)
		cls_loss 0.14 (0.07)	reg_loss 0.15 (0.07)
Epoch: [025][00040/00100]	Time 0.29 (0.31)	Loss 0.02 (0.13)
		cls_loss 0.01 (0.06)	reg_loss 0.01 (0.07)
Epoch: [025][00045/00100]	Time 0.29 (0.30)	Loss 0.12 (0.13)
		cls_loss 0.07 (0.06)	reg_loss 0.05 (0.06)
Epoch: [025][00050/00100]	Time 0.30 (0.30)	Loss 0.09 (0.12)
		cls_loss 0.04 (0.06)	reg_loss 0.05 (0.06)
Epoch: [025][00055/00100]	Time 0.29 (0.30)	Loss 0.24 (0.13)
		cls_loss 0.18 (0.07)	reg_loss 0.06 (0.06)
Epoch: [025][00060/00100]	Time 0.29 (0.30)	Loss 0.04 (0.13)
		cls_loss 0.02 (0.07)	reg_loss 0.02 (0.06)
Epoch: [025][00065/00100]	Time 0.29 (0.30)	Loss 0.21 (0.13)
		cls_loss 0.10 (0.07)	reg_loss 0.11 (0.06)
Epoch: [025][00070/00100]	Time 0.29 (0.30)	Loss 0.32 (0.15)
		cls_loss 0.16 (0.08)	reg_loss 0.16 (0.07)
Epoch: [025][00075/00100]	Time 0.28 (0.30)	Loss 0.09 (0.14)
		cls_loss 0.05 (0.07)	reg_loss 0.04 (0.07)
Epoch: [025][00080/00100]	Time 0.29 (0.30)	Loss 0.05 (0.14)
		cls_loss 0.02 (0.07)	reg_loss 0.03 (0.07)
Epoch: [025][00085/00100]	Time 0.29 (0.30)	Loss 0.10 (0.13)
		cls_loss 0.05 (0.07)	reg_loss 0.05 (0.07)
Epoch: [025][00090/00100]	Time 0.29 (0.30)	Loss 0.73 (0.17)
		cls_loss 0.46 (0.09)	reg_loss 0.27 (0.08)
Epoch: [025][00095/00100]	Time 0.28 (0.30)	Loss 0.08 (0.16)
		cls_loss 0.05 (0.09)	reg_loss 0.03 (0.07)
[Train]: Epoch 25 finished with lr=0.00003456


[Train]: Epoch 26 started
Epoch: [026][00005/00100]	Time 0.39 (0.39)	Loss 0.07 (0.07)
		cls_loss 0.03 (0.03)	reg_loss 0.04 (0.04)
Epoch: [026][00010/00100]	Time 0.28 (0.34)	Loss 0.09 (0.08)
		cls_loss 0.04 (0.03)	reg_loss 0.05 (0.05)
Epoch: [026][00015/00100]	Time 0.29 (0.32)	Loss 0.07 (0.08)
		cls_loss 0.04 (0.03)	reg_loss 0.03 (0.04)
Epoch: [026][00020/00100]	Time 0.28 (0.31)	Loss 0.45 (0.17)
		cls_loss 0.23 (0.08)	reg_loss 0.22 (0.09)
Epoch: [026][00025/00100]	Time 0.29 (0.31)	Loss 0.31 (0.20)
		cls_loss 0.18 (0.10)	reg_loss 0.13 (0.10)
Epoch: [026][00030/00100]	Time 0.29 (0.30)	Loss 0.15 (0.19)
		cls_loss 0.08 (0.10)	reg_loss 0.07 (0.09)
Epoch: [026][00035/00100]	Time 0.29 (0.30)	Loss 0.49 (0.23)
		cls_loss 0.23 (0.12)	reg_loss 0.26 (0.12)
Epoch: [026][00040/00100]	Time 0.29 (0.30)	Loss 0.38 (0.25)
		cls_loss 0.18 (0.13)	reg_loss 0.20 (0.13)
Epoch: [026][00045/00100]	Time 0.28 (0.30)	Loss 0.13 (0.24)
		cls_loss 0.06 (0.12)	reg_loss 0.07 (0.12)
Epoch: [026][00050/00100]	Time 0.28 (0.30)	Loss 0.04 (0.22)
		cls_loss 0.02 (0.11)	reg_loss 0.02 (0.11)
Epoch: [026][00055/00100]	Time 0.29 (0.30)	Loss 0.08 (0.21)
		cls_loss 0.04 (0.10)	reg_loss 0.04 (0.10)
Epoch: [026][00060/00100]	Time 0.29 (0.30)	Loss 0.05 (0.19)
		cls_loss 0.02 (0.10)	reg_loss 0.03 (0.10)
Epoch: [026][00065/00100]	Time 0.29 (0.30)	Loss 0.11 (0.19)
		cls_loss 0.06 (0.09)	reg_loss 0.05 (0.09)
Epoch: [026][00070/00100]	Time 0.29 (0.30)	Loss 0.40 (0.20)
		cls_loss 0.22 (0.10)	reg_loss 0.19 (0.10)
Epoch: [026][00075/00100]	Time 0.29 (0.29)	Loss 0.48 (0.22)
		cls_loss 0.25 (0.11)	reg_loss 0.23 (0.11)
Epoch: [026][00080/00100]	Time 0.29 (0.29)	Loss 0.04 (0.21)
		cls_loss 0.02 (0.11)	reg_loss 0.02 (0.10)
Epoch: [026][00085/00100]	Time 0.29 (0.29)	Loss 0.34 (0.22)
		cls_loss 0.16 (0.11)	reg_loss 0.18 (0.11)
Epoch: [026][00090/00100]	Time 0.29 (0.29)	Loss 0.02 (0.21)
		cls_loss 0.01 (0.10)	reg_loss 0.01 (0.10)
Epoch: [026][00095/00100]	Time 0.28 (0.29)	Loss 0.76 (0.23)
		cls_loss 0.34 (0.12)	reg_loss 0.42 (0.12)
[Train]: Epoch 26 finished with lr=0.00003036


[Train]: Epoch 27 started
Epoch: [027][00005/00100]	Time 0.48 (0.48)	Loss 0.75 (0.75)
		cls_loss 0.36 (0.36)	reg_loss 0.39 (0.39)
Epoch: [027][00010/00100]	Time 0.29 (0.38)	Loss 0.05 (0.40)
		cls_loss 0.03 (0.19)	reg_loss 0.02 (0.21)
Epoch: [027][00015/00100]	Time 0.29 (0.35)	Loss 0.28 (0.36)
		cls_loss 0.17 (0.18)	reg_loss 0.12 (0.18)
Epoch: [027][00020/00100]	Time 0.29 (0.34)	Loss 0.11 (0.30)
		cls_loss 0.06 (0.15)	reg_loss 0.05 (0.14)
Epoch: [027][00025/00100]	Time 0.29 (0.33)	Loss 0.13 (0.26)
		cls_loss 0.07 (0.14)	reg_loss 0.06 (0.13)
Epoch: [027][00030/00100]	Time 0.29 (0.32)	Loss 0.06 (0.23)
		cls_loss 0.03 (0.12)	reg_loss 0.03 (0.11)
Epoch: [027][00035/00100]	Time 0.29 (0.32)	Loss 0.13 (0.21)
		cls_loss 0.07 (0.11)	reg_loss 0.06 (0.10)
Epoch: [027][00040/00100]	Time 0.30 (0.31)	Loss 0.99 (0.31)
		cls_loss 0.42 (0.15)	reg_loss 0.57 (0.16)
Epoch: [027][00045/00100]	Time 0.30 (0.31)	Loss 0.55 (0.34)
		cls_loss 0.37 (0.17)	reg_loss 0.18 (0.16)
Epoch: [027][00050/00100]	Time 0.29 (0.31)	Loss 0.05 (0.31)
		cls_loss 0.02 (0.16)	reg_loss 0.02 (0.15)
Epoch: [027][00055/00100]	Time 0.30 (0.31)	Loss 0.24 (0.30)
		cls_loss 0.11 (0.15)	reg_loss 0.13 (0.15)
Epoch: [027][00060/00100]	Time 0.30 (0.31)	Loss 0.15 (0.29)
		cls_loss 0.07 (0.15)	reg_loss 0.08 (0.14)
Epoch: [027][00065/00100]	Time 0.29 (0.31)	Loss 0.09 (0.27)
		cls_loss 0.04 (0.14)	reg_loss 0.05 (0.14)
Epoch: [027][00070/00100]	Time 0.30 (0.31)	Loss 0.01 (0.26)
		cls_loss 0.01 (0.13)	reg_loss 0.01 (0.13)
Epoch: [027][00075/00100]	Time 0.30 (0.31)	Loss 0.04 (0.24)
		cls_loss 0.02 (0.12)	reg_loss 0.02 (0.12)
Epoch: [027][00080/00100]	Time 0.30 (0.31)	Loss 0.02 (0.23)
		cls_loss 0.01 (0.12)	reg_loss 0.01 (0.11)
Epoch: [027][00085/00100]	Time 0.30 (0.30)	Loss 0.37 (0.24)
		cls_loss 0.17 (0.12)	reg_loss 0.20 (0.12)
Epoch: [027][00090/00100]	Time 0.29 (0.30)	Loss 0.25 (0.24)
		cls_loss 0.12 (0.12)	reg_loss 0.14 (0.12)
Epoch: [027][00095/00100]	Time 0.29 (0.30)	Loss 0.03 (0.23)
		cls_loss 0.02 (0.11)	reg_loss 0.01 (0.11)
[Train]: Epoch 27 finished with lr=0.00002631


[Train]: Epoch 28 started
Epoch: [028][00005/00100]	Time 0.43 (0.43)	Loss 0.02 (0.02)
		cls_loss 0.01 (0.01)	reg_loss 0.01 (0.01)
Epoch: [028][00010/00100]	Time 0.29 (0.36)	Loss 0.05 (0.04)
		cls_loss 0.03 (0.02)	reg_loss 0.02 (0.02)
Epoch: [028][00015/00100]	Time 0.29 (0.34)	Loss 0.06 (0.05)
		cls_loss 0.03 (0.02)	reg_loss 0.03 (0.02)
Epoch: [028][00020/00100]	Time 0.29 (0.33)	Loss 0.01 (0.04)
		cls_loss 0.01 (0.02)	reg_loss 0.01 (0.02)
Epoch: [028][00025/00100]	Time 0.30 (0.32)	Loss 0.27 (0.08)
		cls_loss 0.17 (0.05)	reg_loss 0.09 (0.03)
Epoch: [028][00030/00100]	Time 0.29 (0.32)	Loss 0.13 (0.09)
		cls_loss 0.06 (0.05)	reg_loss 0.06 (0.04)
Epoch: [028][00035/00100]	Time 0.29 (0.31)	Loss 0.23 (0.11)
		cls_loss 0.10 (0.06)	reg_loss 0.13 (0.05)
Epoch: [028][00040/00100]	Time 0.29 (0.31)	Loss 0.07 (0.11)
		cls_loss 0.03 (0.06)	reg_loss 0.03 (0.05)
Epoch: [028][00045/00100]	Time 0.30 (0.31)	Loss 0.09 (0.10)
		cls_loss 0.04 (0.06)	reg_loss 0.04 (0.05)
Epoch: [028][00050/00100]	Time 0.29 (0.31)	Loss 0.27 (0.12)
		cls_loss 0.13 (0.06)	reg_loss 0.14 (0.06)
Epoch: [028][00055/00100]	Time 0.29 (0.31)	Loss 0.21 (0.13)
		cls_loss 0.12 (0.07)	reg_loss 0.08 (0.06)
Epoch: [028][00060/00100]	Time 0.29 (0.30)	Loss 0.10 (0.13)
		cls_loss 0.06 (0.07)	reg_loss 0.04 (0.06)
Epoch: [028][00065/00100]	Time 0.30 (0.30)	Loss 0.09 (0.12)
		cls_loss 0.05 (0.07)	reg_loss 0.04 (0.06)
Epoch: [028][00070/00100]	Time 0.29 (0.30)	Loss 0.41 (0.14)
		cls_loss 0.20 (0.08)	reg_loss 0.21 (0.07)
Epoch: [028][00075/00100]	Time 0.29 (0.30)	Loss 0.20 (0.15)
		cls_loss 0.11 (0.08)	reg_loss 0.10 (0.07)
Epoch: [028][00080/00100]	Time 0.28 (0.30)	Loss 0.09 (0.14)
		cls_loss 0.05 (0.08)	reg_loss 0.04 (0.07)
Epoch: [028][00085/00100]	Time 0.29 (0.30)	Loss 0.13 (0.14)
		cls_loss 0.06 (0.08)	reg_loss 0.07 (0.07)
Epoch: [028][00090/00100]	Time 0.29 (0.30)	Loss 0.20 (0.15)
		cls_loss 0.11 (0.08)	reg_loss 0.09 (0.07)
Epoch: [028][00095/00100]	Time 0.28 (0.30)	Loss 0.17 (0.15)
		cls_loss 0.08 (0.08)	reg_loss 0.10 (0.07)
[Train]: Epoch 28 finished with lr=0.00002246


[Train]: Epoch 29 started
Epoch: [029][00005/00100]	Time 0.39 (0.39)	Loss 1.04 (1.04)
		cls_loss 0.46 (0.46)	reg_loss 0.58 (0.58)
Epoch: [029][00010/00100]	Time 0.30 (0.35)	Loss 0.32 (0.68)
		cls_loss 0.15 (0.31)	reg_loss 0.17 (0.37)
Epoch: [029][00015/00100]	Time 0.29 (0.33)	Loss 0.05 (0.47)
		cls_loss 0.02 (0.21)	reg_loss 0.02 (0.25)
Epoch: [029][00020/00100]	Time 0.30 (0.32)	Loss 0.11 (0.38)
		cls_loss 0.06 (0.17)	reg_loss 0.05 (0.20)
Epoch: [029][00025/00100]	Time 0.30 (0.32)	Loss 0.08 (0.32)
		cls_loss 0.04 (0.15)	reg_loss 0.04 (0.17)
Epoch: [029][00030/00100]	Time 0.29 (0.31)	Loss 0.10 (0.28)
		cls_loss 0.05 (0.13)	reg_loss 0.05 (0.15)
Epoch: [029][00035/00100]	Time 0.29 (0.31)	Loss 0.28 (0.28)
		cls_loss 0.17 (0.14)	reg_loss 0.12 (0.15)
Epoch: [029][00040/00100]	Time 0.30 (0.31)	Loss 0.02 (0.25)
		cls_loss 0.01 (0.12)	reg_loss 0.01 (0.13)
Epoch: [029][00045/00100]	Time 0.30 (0.31)	Loss 0.11 (0.23)
		cls_loss 0.04 (0.11)	reg_loss 0.07 (0.12)
Epoch: [029][00050/00100]	Time 0.29 (0.30)	Loss 0.05 (0.22)
		cls_loss 0.03 (0.10)	reg_loss 0.02 (0.11)
Epoch: [029][00055/00100]	Time 0.31 (0.31)	Loss 0.17 (0.21)
		cls_loss 0.08 (0.10)	reg_loss 0.09 (0.11)
Epoch: [029][00060/00100]	Time 0.29 (0.30)	Loss 0.03 (0.20)
		cls_loss 0.01 (0.09)	reg_loss 0.02 (0.10)
Epoch: [029][00065/00100]	Time 0.29 (0.30)	Loss 0.16 (0.19)
		cls_loss 0.08 (0.09)	reg_loss 0.08 (0.10)
Epoch: [029][00070/00100]	Time 0.30 (0.30)	Loss 0.70 (0.23)
		cls_loss 0.45 (0.12)	reg_loss 0.25 (0.11)
Epoch: [029][00075/00100]	Time 0.29 (0.30)	Loss 0.07 (0.22)
		cls_loss 0.03 (0.11)	reg_loss 0.04 (0.11)
Epoch: [029][00080/00100]	Time 0.29 (0.30)	Loss 0.17 (0.22)
		cls_loss 0.08 (0.11)	reg_loss 0.09 (0.11)
Epoch: [029][00085/00100]	Time 0.29 (0.30)	Loss 0.08 (0.21)
		cls_loss 0.05 (0.11)	reg_loss 0.03 (0.10)
Epoch: [029][00090/00100]	Time 0.29 (0.30)	Loss 0.04 (0.20)
		cls_loss 0.02 (0.10)	reg_loss 0.02 (0.10)
Epoch: [029][00095/00100]	Time 0.29 (0.30)	Loss 0.27 (0.20)
		cls_loss 0.12 (0.10)	reg_loss 0.15 (0.10)
[Train]: Epoch 29 finished with lr=0.00001883


[Train]: Epoch 30 started
Epoch: [030][00005/00100]	Time 0.42 (0.42)	Loss 0.36 (0.36)
		cls_loss 0.17 (0.17)	reg_loss 0.19 (0.19)
Epoch: [030][00010/00100]	Time 0.29 (0.35)	Loss 0.21 (0.28)
		cls_loss 0.10 (0.13)	reg_loss 0.11 (0.15)
Epoch: [030][00015/00100]	Time 0.29 (0.33)	Loss 0.20 (0.25)
		cls_loss 0.09 (0.12)	reg_loss 0.11 (0.14)
Epoch: [030][00020/00100]	Time 0.29 (0.32)	Loss 0.05 (0.20)
		cls_loss 0.02 (0.09)	reg_loss 0.03 (0.11)
Epoch: [030][00025/00100]	Time 0.29 (0.31)	Loss 1.04 (0.37)
		cls_loss 0.46 (0.17)	reg_loss 0.57 (0.20)
Epoch: [030][00030/00100]	Time 0.29 (0.31)	Loss 0.08 (0.32)
		cls_loss 0.03 (0.14)	reg_loss 0.06 (0.18)
Epoch: [030][00035/00100]	Time 0.29 (0.31)	Loss 0.44 (0.34)
		cls_loss 0.21 (0.15)	reg_loss 0.24 (0.19)
Epoch: [030][00040/00100]	Time 0.29 (0.31)	Loss 0.03 (0.30)
		cls_loss 0.01 (0.13)	reg_loss 0.02 (0.16)
Epoch: [030][00045/00100]	Time 0.30 (0.30)	Loss 0.25 (0.29)
		cls_loss 0.14 (0.14)	reg_loss 0.11 (0.16)
Epoch: [030][00050/00100]	Time 0.29 (0.30)	Loss 0.04 (0.27)
		cls_loss 0.03 (0.12)	reg_loss 0.02 (0.14)
Epoch: [030][00055/00100]	Time 0.29 (0.30)	Loss 0.05 (0.25)
		cls_loss 0.03 (0.12)	reg_loss 0.02 (0.13)
Epoch: [030][00060/00100]	Time 0.29 (0.30)	Loss 0.43 (0.26)
		cls_loss 0.20 (0.12)	reg_loss 0.23 (0.14)
Epoch: [030][00065/00100]	Time 0.29 (0.30)	Loss 0.33 (0.27)
		cls_loss 0.18 (0.13)	reg_loss 0.15 (0.14)
Epoch: [030][00070/00100]	Time 0.29 (0.30)	Loss 0.12 (0.26)
		cls_loss 0.05 (0.12)	reg_loss 0.07 (0.14)
Epoch: [030][00075/00100]	Time 0.30 (0.30)	Loss 0.11 (0.25)
		cls_loss 0.06 (0.12)	reg_loss 0.06 (0.13)
Epoch: [030][00080/00100]	Time 0.29 (0.30)	Loss 0.04 (0.24)
		cls_loss 0.02 (0.11)	reg_loss 0.02 (0.12)
Epoch: [030][00085/00100]	Time 0.29 (0.30)	Loss 0.16 (0.23)
		cls_loss 0.08 (0.11)	reg_loss 0.07 (0.12)
Epoch: [030][00090/00100]	Time 0.29 (0.30)	Loss 0.29 (0.23)
		cls_loss 0.15 (0.11)	reg_loss 0.14 (0.12)
Epoch: [030][00095/00100]	Time 0.28 (0.30)	Loss 0.06 (0.23)
		cls_loss 0.02 (0.11)	reg_loss 0.04 (0.12)
[Train]: Epoch 30 finished with lr=0.00001546


[Train]: Epoch 31 started
Epoch: [031][00005/00100]	Time 0.46 (0.46)	Loss 0.05 (0.05)
		cls_loss 0.02 (0.02)	reg_loss 0.03 (0.03)
Epoch: [031][00010/00100]	Time 0.29 (0.37)	Loss 0.07 (0.06)
		cls_loss 0.03 (0.03)	reg_loss 0.04 (0.03)
Epoch: [031][00015/00100]	Time 0.29 (0.35)	Loss 0.05 (0.06)
		cls_loss 0.03 (0.03)	reg_loss 0.02 (0.03)
Epoch: [031][00020/00100]	Time 0.29 (0.33)	Loss 0.10 (0.07)
		cls_loss 0.04 (0.03)	reg_loss 0.06 (0.04)
Epoch: [031][00025/00100]	Time 0.29 (0.32)	Loss 0.28 (0.11)
		cls_loss 0.14 (0.05)	reg_loss 0.14 (0.06)
Epoch: [031][00030/00100]	Time 0.29 (0.32)	Loss 0.58 (0.19)
		cls_loss 0.30 (0.09)	reg_loss 0.28 (0.10)
Epoch: [031][00035/00100]	Time 0.29 (0.31)	Loss 0.22 (0.19)
		cls_loss 0.11 (0.09)	reg_loss 0.11 (0.10)
Epoch: [031][00040/00100]	Time 0.29 (0.31)	Loss 0.02 (0.17)
		cls_loss 0.01 (0.08)	reg_loss 0.01 (0.09)
Epoch: [031][00045/00100]	Time 0.29 (0.31)	Loss 0.30 (0.19)
		cls_loss 0.15 (0.09)	reg_loss 0.15 (0.09)
Epoch: [031][00050/00100]	Time 0.29 (0.31)	Loss 0.04 (0.17)
		cls_loss 0.02 (0.08)	reg_loss 0.03 (0.09)
Epoch: [031][00055/00100]	Time 0.29 (0.31)	Loss 0.05 (0.16)
		cls_loss 0.03 (0.08)	reg_loss 0.02 (0.08)
Epoch: [031][00060/00100]	Time 0.30 (0.30)	Loss 0.28 (0.17)
		cls_loss 0.15 (0.08)	reg_loss 0.14 (0.09)
Epoch: [031][00065/00100]	Time 0.29 (0.30)	Loss 0.08 (0.16)
		cls_loss 0.04 (0.08)	reg_loss 0.04 (0.08)
Epoch: [031][00070/00100]	Time 0.31 (0.30)	Loss 0.20 (0.17)
		cls_loss 0.09 (0.08)	reg_loss 0.11 (0.08)
Epoch: [031][00075/00100]	Time 0.29 (0.30)	Loss 0.04 (0.16)
		cls_loss 0.02 (0.08)	reg_loss 0.01 (0.08)
Epoch: [031][00080/00100]	Time 0.30 (0.30)	Loss 0.34 (0.17)
		cls_loss 0.18 (0.08)	reg_loss 0.16 (0.08)
Epoch: [031][00085/00100]	Time 0.30 (0.30)	Loss 0.21 (0.17)
		cls_loss 0.11 (0.09)	reg_loss 0.10 (0.09)
Epoch: [031][00090/00100]	Time 0.30 (0.30)	Loss 0.20 (0.17)
		cls_loss 0.10 (0.09)	reg_loss 0.10 (0.09)
Epoch: [031][00095/00100]	Time 0.28 (0.30)	Loss 0.16 (0.17)
		cls_loss 0.07 (0.09)	reg_loss 0.09 (0.09)
[Train]: Epoch 31 finished with lr=0.00001236


[Train]: Epoch 32 started
Epoch: [032][00005/00100]	Time 0.42 (0.42)	Loss 0.14 (0.14)
		cls_loss 0.06 (0.06)	reg_loss 0.08 (0.08)
Epoch: [032][00010/00100]	Time 0.29 (0.36)	Loss 0.03 (0.09)
		cls_loss 0.02 (0.04)	reg_loss 0.02 (0.05)
Epoch: [032][00015/00100]	Time 0.29 (0.34)	Loss 0.07 (0.08)
		cls_loss 0.03 (0.04)	reg_loss 0.03 (0.04)
Epoch: [032][00020/00100]	Time 0.30 (0.33)	Loss 0.12 (0.09)
		cls_loss 0.06 (0.04)	reg_loss 0.07 (0.05)
Epoch: [032][00025/00100]	Time 0.29 (0.32)	Loss 0.21 (0.11)
		cls_loss 0.09 (0.05)	reg_loss 0.12 (0.06)
Epoch: [032][00030/00100]	Time 0.30 (0.32)	Loss 0.05 (0.10)
		cls_loss 0.02 (0.05)	reg_loss 0.03 (0.06)
Epoch: [032][00035/00100]	Time 0.29 (0.31)	Loss 0.15 (0.11)
		cls_loss 0.07 (0.05)	reg_loss 0.08 (0.06)
Epoch: [032][00040/00100]	Time 0.29 (0.31)	Loss 0.11 (0.11)
		cls_loss 0.06 (0.05)	reg_loss 0.05 (0.06)
Epoch: [032][00045/00100]	Time 0.29 (0.31)	Loss 0.02 (0.10)
		cls_loss 0.01 (0.04)	reg_loss 0.02 (0.05)
Epoch: [032][00050/00100]	Time 0.29 (0.31)	Loss 0.14 (0.10)
		cls_loss 0.07 (0.05)	reg_loss 0.07 (0.06)
Epoch: [032][00055/00100]	Time 0.29 (0.30)	Loss 1.00 (0.19)
		cls_loss 0.41 (0.08)	reg_loss 0.59 (0.10)
Epoch: [032][00060/00100]	Time 0.30 (0.30)	Loss 0.37 (0.20)
		cls_loss 0.18 (0.09)	reg_loss 0.19 (0.11)
Epoch: [032][00065/00100]	Time 0.29 (0.30)	Loss 0.29 (0.21)
		cls_loss 0.16 (0.09)	reg_loss 0.13 (0.11)
Epoch: [032][00070/00100]	Time 0.29 (0.30)	Loss 0.05 (0.20)
		cls_loss 0.03 (0.09)	reg_loss 0.02 (0.11)
Epoch: [032][00075/00100]	Time 0.29 (0.30)	Loss 0.08 (0.19)
		cls_loss 0.05 (0.09)	reg_loss 0.03 (0.10)
Epoch: [032][00080/00100]	Time 0.29 (0.30)	Loss 0.31 (0.20)
		cls_loss 0.15 (0.09)	reg_loss 0.16 (0.11)
Epoch: [032][00085/00100]	Time 0.29 (0.30)	Loss 0.20 (0.20)
		cls_loss 0.12 (0.09)	reg_loss 0.08 (0.10)
Epoch: [032][00090/00100]	Time 0.29 (0.30)	Loss 0.02 (0.19)
		cls_loss 0.01 (0.09)	reg_loss 0.01 (0.10)
Epoch: [032][00095/00100]	Time 0.29 (0.30)	Loss 0.27 (0.19)
		cls_loss 0.14 (0.09)	reg_loss 0.14 (0.10)
[Train]: Epoch 32 finished with lr=0.00000956


[Train]: Epoch 33 started
Epoch: [033][00005/00100]	Time 0.40 (0.40)	Loss 0.38 (0.38)
		cls_loss 0.18 (0.18)	reg_loss 0.21 (0.21)
Epoch: [033][00010/00100]	Time 0.29 (0.35)	Loss 0.22 (0.30)
		cls_loss 0.13 (0.16)	reg_loss 0.08 (0.15)
Epoch: [033][00015/00100]	Time 0.30 (0.33)	Loss 0.88 (0.49)
		cls_loss 0.38 (0.23)	reg_loss 0.50 (0.26)
Epoch: [033][00020/00100]	Time 0.30 (0.32)	Loss 0.50 (0.50)
		cls_loss 0.23 (0.23)	reg_loss 0.27 (0.27)
Epoch: [033][00025/00100]	Time 0.30 (0.32)	Loss 0.17 (0.43)
		cls_loss 0.11 (0.21)	reg_loss 0.06 (0.23)
Epoch: [033][00030/00100]	Time 0.30 (0.31)	Loss 0.03 (0.36)
		cls_loss 0.02 (0.17)	reg_loss 0.01 (0.19)
Epoch: [033][00035/00100]	Time 0.30 (0.31)	Loss 0.21 (0.34)
		cls_loss 0.09 (0.16)	reg_loss 0.11 (0.18)
Epoch: [033][00040/00100]	Time 0.29 (0.31)	Loss 0.04 (0.30)
		cls_loss 0.02 (0.14)	reg_loss 0.02 (0.16)
Epoch: [033][00045/00100]	Time 0.30 (0.31)	Loss 0.04 (0.27)
		cls_loss 0.02 (0.13)	reg_loss 0.02 (0.14)
Epoch: [033][00050/00100]	Time 0.29 (0.31)	Loss 0.07 (0.25)
		cls_loss 0.02 (0.12)	reg_loss 0.05 (0.13)
Epoch: [033][00055/00100]	Time 0.30 (0.31)	Loss 0.04 (0.23)
		cls_loss 0.02 (0.11)	reg_loss 0.02 (0.12)
Epoch: [033][00060/00100]	Time 0.29 (0.30)	Loss 0.04 (0.22)
		cls_loss 0.02 (0.10)	reg_loss 0.02 (0.11)
Epoch: [033][00065/00100]	Time 0.30 (0.30)	Loss 0.32 (0.23)
		cls_loss 0.15 (0.11)	reg_loss 0.17 (0.12)
Epoch: [033][00070/00100]	Time 0.30 (0.30)	Loss 0.22 (0.23)
		cls_loss 0.12 (0.11)	reg_loss 0.11 (0.12)
Epoch: [033][00075/00100]	Time 0.30 (0.30)	Loss 0.08 (0.22)
		cls_loss 0.03 (0.10)	reg_loss 0.05 (0.11)
Epoch: [033][00080/00100]	Time 0.29 (0.30)	Loss 0.11 (0.21)
		cls_loss 0.06 (0.10)	reg_loss 0.06 (0.11)
Epoch: [033][00085/00100]	Time 0.29 (0.30)	Loss 0.40 (0.22)
		cls_loss 0.19 (0.10)	reg_loss 0.21 (0.12)
Epoch: [033][00090/00100]	Time 0.29 (0.30)	Loss 0.01 (0.21)
		cls_loss 0.00 (0.10)	reg_loss 0.01 (0.11)
Epoch: [033][00095/00100]	Time 0.28 (0.30)	Loss 0.69 (0.23)
		cls_loss 0.30 (0.11)	reg_loss 0.39 (0.12)
[Train]: Epoch 33 finished with lr=0.00000709


[Train]: Epoch 34 started
Epoch: [034][00005/00100]	Time 0.46 (0.46)	Loss 0.04 (0.04)
		cls_loss 0.01 (0.01)	reg_loss 0.02 (0.02)
Epoch: [034][00010/00100]	Time 0.29 (0.37)	Loss 0.35 (0.19)
		cls_loss 0.16 (0.09)	reg_loss 0.19 (0.10)
Epoch: [034][00015/00100]	Time 0.29 (0.35)	Loss 0.02 (0.14)
		cls_loss 0.01 (0.06)	reg_loss 0.01 (0.07)
Epoch: [034][00020/00100]	Time 0.31 (0.34)	Loss 0.22 (0.16)
		cls_loss 0.11 (0.07)	reg_loss 0.11 (0.08)
Epoch: [034][00025/00100]	Time 0.30 (0.33)	Loss 0.33 (0.19)
		cls_loss 0.18 (0.09)	reg_loss 0.15 (0.10)
Epoch: [034][00030/00100]	Time 0.29 (0.32)	Loss 0.10 (0.18)
		cls_loss 0.04 (0.08)	reg_loss 0.06 (0.09)
Epoch: [034][00035/00100]	Time 0.30 (0.32)	Loss 0.05 (0.16)
		cls_loss 0.02 (0.08)	reg_loss 0.02 (0.08)
Epoch: [034][00040/00100]	Time 0.29 (0.32)	Loss 0.90 (0.25)
		cls_loss 0.39 (0.12)	reg_loss 0.51 (0.13)
Epoch: [034][00045/00100]	Time 0.29 (0.31)	Loss 0.24 (0.25)
		cls_loss 0.10 (0.11)	reg_loss 0.14 (0.13)
Epoch: [034][00050/00100]	Time 0.30 (0.31)	Loss 0.06 (0.23)
		cls_loss 0.04 (0.11)	reg_loss 0.02 (0.12)
Epoch: [034][00055/00100]	Time 0.29 (0.31)	Loss 0.22 (0.23)
		cls_loss 0.10 (0.11)	reg_loss 0.12 (0.12)
Epoch: [034][00060/00100]	Time 0.29 (0.31)	Loss 0.15 (0.22)
		cls_loss 0.06 (0.10)	reg_loss 0.09 (0.12)
Epoch: [034][00065/00100]	Time 0.30 (0.31)	Loss 0.05 (0.21)
		cls_loss 0.01 (0.10)	reg_loss 0.03 (0.11)
Epoch: [034][00070/00100]	Time 0.29 (0.31)	Loss 0.08 (0.20)
		cls_loss 0.04 (0.09)	reg_loss 0.04 (0.11)
Epoch: [034][00075/00100]	Time 0.28 (0.31)	Loss 0.54 (0.22)
		cls_loss 0.29 (0.10)	reg_loss 0.25 (0.12)
Epoch: [034][00080/00100]	Time 0.30 (0.30)	Loss 0.05 (0.21)
		cls_loss 0.03 (0.10)	reg_loss 0.02 (0.11)
Epoch: [034][00085/00100]	Time 0.30 (0.30)	Loss 0.02 (0.20)
		cls_loss 0.01 (0.09)	reg_loss 0.01 (0.11)
Epoch: [034][00090/00100]	Time 0.29 (0.30)	Loss 0.10 (0.19)
		cls_loss 0.05 (0.09)	reg_loss 0.05 (0.10)
Epoch: [034][00095/00100]	Time 0.28 (0.30)	Loss 0.04 (0.19)
		cls_loss 0.02 (0.09)	reg_loss 0.02 (0.10)
[Train]: Epoch 34 finished with lr=0.00000496


[Train]: Epoch 35 started
Epoch: [035][00005/00100]	Time 0.43 (0.43)	Loss 0.17 (0.17)
		cls_loss 0.09 (0.09)	reg_loss 0.09 (0.09)
Epoch: [035][00010/00100]	Time 0.29 (0.36)	Loss 0.16 (0.16)
		cls_loss 0.08 (0.08)	reg_loss 0.08 (0.08)
Epoch: [035][00015/00100]	Time 0.29 (0.34)	Loss 0.05 (0.13)
		cls_loss 0.02 (0.06)	reg_loss 0.03 (0.06)
Epoch: [035][00020/00100]	Time 0.29 (0.33)	Loss 0.09 (0.12)
		cls_loss 0.04 (0.06)	reg_loss 0.05 (0.06)
Epoch: [035][00025/00100]	Time 0.29 (0.32)	Loss 0.07 (0.11)
		cls_loss 0.03 (0.05)	reg_loss 0.04 (0.06)
Epoch: [035][00030/00100]	Time 0.30 (0.32)	Loss 0.09 (0.10)
		cls_loss 0.05 (0.05)	reg_loss 0.04 (0.05)
Epoch: [035][00035/00100]	Time 0.29 (0.31)	Loss 0.06 (0.10)
		cls_loss 0.03 (0.05)	reg_loss 0.03 (0.05)
Epoch: [035][00040/00100]	Time 0.29 (0.31)	Loss 0.22 (0.11)
		cls_loss 0.12 (0.06)	reg_loss 0.11 (0.06)
Epoch: [035][00045/00100]	Time 0.30 (0.31)	Loss 0.28 (0.13)
		cls_loss 0.14 (0.07)	reg_loss 0.14 (0.07)
Epoch: [035][00050/00100]	Time 0.29 (0.31)	Loss 0.01 (0.12)
		cls_loss 0.00 (0.06)	reg_loss 0.01 (0.06)
Epoch: [035][00055/00100]	Time 0.29 (0.30)	Loss 0.04 (0.11)
		cls_loss 0.03 (0.06)	reg_loss 0.02 (0.06)
Epoch: [035][00060/00100]	Time 0.29 (0.30)	Loss 0.14 (0.12)
		cls_loss 0.07 (0.06)	reg_loss 0.07 (0.06)
Epoch: [035][00065/00100]	Time 0.29 (0.30)	Loss 0.03 (0.11)
		cls_loss 0.02 (0.05)	reg_loss 0.01 (0.05)
Epoch: [035][00070/00100]	Time 0.30 (0.30)	Loss 0.14 (0.11)
		cls_loss 0.09 (0.06)	reg_loss 0.05 (0.05)
Epoch: [035][00075/00100]	Time 0.29 (0.30)	Loss 0.02 (0.11)
		cls_loss 0.01 (0.05)	reg_loss 0.01 (0.05)
Epoch: [035][00080/00100]	Time 0.29 (0.30)	Loss 0.18 (0.11)
		cls_loss 0.09 (0.06)	reg_loss 0.10 (0.05)
Epoch: [035][00085/00100]	Time 0.30 (0.30)	Loss 0.07 (0.11)
		cls_loss 0.04 (0.05)	reg_loss 0.04 (0.05)
Epoch: [035][00090/00100]	Time 0.29 (0.30)	Loss 0.62 (0.14)
		cls_loss 0.28 (0.07)	reg_loss 0.34 (0.07)
Epoch: [035][00095/00100]	Time 0.29 (0.30)	Loss 0.32 (0.15)
		cls_loss 0.17 (0.07)	reg_loss 0.16 (0.07)
[Train]: Epoch 35 finished with lr=0.00000320


[Train]: Epoch 36 started
Epoch: [036][00005/00100]	Time 0.44 (0.44)	Loss 0.46 (0.46)
		cls_loss 0.22 (0.22)	reg_loss 0.24 (0.24)
Epoch: [036][00010/00100]	Time 0.29 (0.37)	Loss 0.05 (0.25)
		cls_loss 0.03 (0.12)	reg_loss 0.02 (0.13)
Epoch: [036][00015/00100]	Time 0.30 (0.34)	Loss 0.15 (0.22)
		cls_loss 0.06 (0.10)	reg_loss 0.08 (0.12)
Epoch: [036][00020/00100]	Time 0.29 (0.33)	Loss 0.14 (0.20)
		cls_loss 0.11 (0.10)	reg_loss 0.03 (0.09)
Epoch: [036][00025/00100]	Time 0.29 (0.32)	Loss 0.04 (0.17)
		cls_loss 0.02 (0.09)	reg_loss 0.02 (0.08)
Epoch: [036][00030/00100]	Time 0.31 (0.32)	Loss 0.11 (0.16)
		cls_loss 0.06 (0.08)	reg_loss 0.05 (0.07)
Epoch: [036][00035/00100]	Time 0.30 (0.32)	Loss 0.13 (0.15)
		cls_loss 0.05 (0.08)	reg_loss 0.08 (0.08)
Epoch: [036][00040/00100]	Time 0.29 (0.31)	Loss 0.02 (0.14)
		cls_loss 0.01 (0.07)	reg_loss 0.01 (0.07)
Epoch: [036][00045/00100]	Time 0.29 (0.31)	Loss 0.60 (0.19)
		cls_loss 0.27 (0.09)	reg_loss 0.33 (0.10)
Epoch: [036][00050/00100]	Time 0.29 (0.31)	Loss 0.20 (0.19)
		cls_loss 0.09 (0.09)	reg_loss 0.11 (0.10)
Epoch: [036][00055/00100]	Time 0.29 (0.31)	Loss 0.02 (0.17)
		cls_loss 0.01 (0.08)	reg_loss 0.01 (0.09)
Epoch: [036][00060/00100]	Time 0.30 (0.31)	Loss 0.15 (0.17)
		cls_loss 0.06 (0.08)	reg_loss 0.09 (0.09)
Epoch: [036][00065/00100]	Time 0.30 (0.31)	Loss 0.08 (0.16)
		cls_loss 0.04 (0.08)	reg_loss 0.03 (0.09)
Epoch: [036][00070/00100]	Time 0.29 (0.31)	Loss 0.07 (0.16)
		cls_loss 0.04 (0.08)	reg_loss 0.03 (0.08)
Epoch: [036][00075/00100]	Time 0.30 (0.31)	Loss 0.03 (0.15)
		cls_loss 0.02 (0.07)	reg_loss 0.01 (0.08)
Epoch: [036][00080/00100]	Time 0.30 (0.30)	Loss 0.01 (0.14)
		cls_loss 0.00 (0.07)	reg_loss 0.00 (0.07)
Epoch: [036][00085/00100]	Time 0.29 (0.30)	Loss 0.29 (0.15)
		cls_loss 0.13 (0.07)	reg_loss 0.15 (0.08)
Epoch: [036][00090/00100]	Time 0.29 (0.30)	Loss 0.06 (0.14)
		cls_loss 0.02 (0.07)	reg_loss 0.03 (0.07)
Epoch: [036][00095/00100]	Time 0.29 (0.30)	Loss 0.13 (0.14)
		cls_loss 0.07 (0.07)	reg_loss 0.06 (0.07)
[Train]: Epoch 36 finished with lr=0.00000181


[Train]: Epoch 37 started
Epoch: [037][00005/00100]	Time 0.43 (0.43)	Loss 0.04 (0.04)
		cls_loss 0.02 (0.02)	reg_loss 0.02 (0.02)
Epoch: [037][00010/00100]	Time 0.29 (0.36)	Loss 0.05 (0.05)
		cls_loss 0.02 (0.02)	reg_loss 0.03 (0.03)
Epoch: [037][00015/00100]	Time 0.30 (0.34)	Loss 0.04 (0.04)
		cls_loss 0.02 (0.02)	reg_loss 0.02 (0.03)
Epoch: [037][00020/00100]	Time 0.29 (0.33)	Loss 0.28 (0.10)
		cls_loss 0.14 (0.05)	reg_loss 0.14 (0.05)
Epoch: [037][00025/00100]	Time 0.29 (0.32)	Loss 0.08 (0.10)
		cls_loss 0.04 (0.05)	reg_loss 0.03 (0.05)
Epoch: [037][00030/00100]	Time 0.29 (0.31)	Loss 0.54 (0.17)
		cls_loss 0.24 (0.08)	reg_loss 0.29 (0.09)
Epoch: [037][00035/00100]	Time 0.29 (0.31)	Loss 0.12 (0.16)
		cls_loss 0.06 (0.08)	reg_loss 0.06 (0.09)
Epoch: [037][00040/00100]	Time 0.30 (0.31)	Loss 0.10 (0.16)
		cls_loss 0.06 (0.08)	reg_loss 0.04 (0.08)
Epoch: [037][00045/00100]	Time 0.31 (0.31)	Loss 0.04 (0.14)
		cls_loss 0.02 (0.07)	reg_loss 0.02 (0.07)
Epoch: [037][00050/00100]	Time 0.30 (0.31)	Loss 0.04 (0.13)
		cls_loss 0.03 (0.06)	reg_loss 0.02 (0.07)
Epoch: [037][00055/00100]	Time 0.30 (0.31)	Loss 0.24 (0.14)
		cls_loss 0.12 (0.07)	reg_loss 0.12 (0.07)
Epoch: [037][00060/00100]	Time 0.30 (0.31)	Loss 0.06 (0.14)
		cls_loss 0.03 (0.07)	reg_loss 0.03 (0.07)
Epoch: [037][00065/00100]	Time 0.30 (0.31)	Loss 0.14 (0.14)
		cls_loss 0.07 (0.07)	reg_loss 0.07 (0.07)
Epoch: [037][00070/00100]	Time 0.30 (0.31)	Loss 0.28 (0.15)
		cls_loss 0.13 (0.07)	reg_loss 0.15 (0.07)
Epoch: [037][00075/00100]	Time 0.31 (0.31)	Loss 0.10 (0.14)
		cls_loss 0.05 (0.07)	reg_loss 0.05 (0.07)
Epoch: [037][00080/00100]	Time 0.31 (0.31)	Loss 0.01 (0.13)
		cls_loss 0.01 (0.07)	reg_loss 0.01 (0.07)
Epoch: [037][00085/00100]	Time 0.30 (0.31)	Loss 0.31 (0.15)
		cls_loss 0.14 (0.07)	reg_loss 0.17 (0.07)
Epoch: [037][00090/00100]	Time 0.30 (0.31)	Loss 0.02 (0.14)
		cls_loss 0.01 (0.07)	reg_loss 0.01 (0.07)
Epoch: [037][00095/00100]	Time 0.29 (0.31)	Loss 0.40 (0.15)
		cls_loss 0.19 (0.07)	reg_loss 0.22 (0.08)
[Train]: Epoch 37 finished with lr=0.00000081


[Train]: Epoch 38 started
Epoch: [038][00005/00100]	Time 0.40 (0.40)	Loss 0.60 (0.60)
		cls_loss 0.31 (0.31)	reg_loss 0.30 (0.30)
Epoch: [038][00010/00100]	Time 0.29 (0.35)	Loss 0.73 (0.67)
		cls_loss 0.30 (0.30)	reg_loss 0.43 (0.36)
Epoch: [038][00015/00100]	Time 0.29 (0.33)	Loss 0.07 (0.47)
		cls_loss 0.03 (0.21)	reg_loss 0.03 (0.25)
Epoch: [038][00020/00100]	Time 0.29 (0.32)	Loss 0.32 (0.43)
		cls_loss 0.15 (0.20)	reg_loss 0.17 (0.23)
Epoch: [038][00025/00100]	Time 0.29 (0.31)	Loss 0.05 (0.35)
		cls_loss 0.03 (0.16)	reg_loss 0.02 (0.19)
Epoch: [038][00030/00100]	Time 0.30 (0.31)	Loss 0.06 (0.31)
		cls_loss 0.04 (0.14)	reg_loss 0.02 (0.16)
Epoch: [038][00035/00100]	Time 0.30 (0.31)	Loss 0.16 (0.28)
		cls_loss 0.06 (0.13)	reg_loss 0.09 (0.15)
Epoch: [038][00040/00100]	Time 0.29 (0.31)	Loss 0.03 (0.25)
		cls_loss 0.02 (0.12)	reg_loss 0.01 (0.14)
Epoch: [038][00045/00100]	Time 0.30 (0.31)	Loss 0.10 (0.24)
		cls_loss 0.05 (0.11)	reg_loss 0.05 (0.13)
Epoch: [038][00050/00100]	Time 0.30 (0.31)	Loss 0.36 (0.25)
		cls_loss 0.19 (0.12)	reg_loss 0.17 (0.13)
Epoch: [038][00055/00100]	Time 0.29 (0.30)	Loss 0.19 (0.24)
		cls_loss 0.10 (0.12)	reg_loss 0.09 (0.13)
Epoch: [038][00060/00100]	Time 0.30 (0.30)	Loss 0.10 (0.23)
		cls_loss 0.05 (0.11)	reg_loss 0.05 (0.12)
Epoch: [038][00065/00100]	Time 0.30 (0.30)	Loss 0.06 (0.22)
		cls_loss 0.03 (0.10)	reg_loss 0.03 (0.11)
Epoch: [038][00070/00100]	Time 0.29 (0.30)	Loss 0.04 (0.20)
		cls_loss 0.02 (0.10)	reg_loss 0.02 (0.11)
Epoch: [038][00075/00100]	Time 0.29 (0.30)	Loss 0.11 (0.20)
		cls_loss 0.06 (0.10)	reg_loss 0.05 (0.10)
Epoch: [038][00080/00100]	Time 0.31 (0.30)	Loss 0.04 (0.19)
		cls_loss 0.02 (0.09)	reg_loss 0.02 (0.10)
Epoch: [038][00085/00100]	Time 0.29 (0.30)	Loss 0.16 (0.19)
		cls_loss 0.05 (0.09)	reg_loss 0.10 (0.10)
Epoch: [038][00090/00100]	Time 0.29 (0.30)	Loss 0.11 (0.18)
		cls_loss 0.05 (0.09)	reg_loss 0.05 (0.10)
Epoch: [038][00095/00100]	Time 0.29 (0.30)	Loss 0.01 (0.17)
		cls_loss 0.01 (0.08)	reg_loss 0.01 (0.09)
[Train]: Epoch 38 finished with lr=0.00000021


[Train]: Epoch 39 started
Epoch: [039][00005/00100]	Time 0.40 (0.40)	Loss 0.23 (0.23)
		cls_loss 0.12 (0.12)	reg_loss 0.12 (0.12)
Epoch: [039][00010/00100]	Time 0.29 (0.35)	Loss 0.10 (0.17)
		cls_loss 0.05 (0.09)	reg_loss 0.04 (0.08)
Epoch: [039][00015/00100]	Time 0.30 (0.33)	Loss 0.22 (0.18)
		cls_loss 0.11 (0.09)	reg_loss 0.11 (0.09)
Epoch: [039][00020/00100]	Time 0.30 (0.32)	Loss 0.44 (0.25)
		cls_loss 0.20 (0.12)	reg_loss 0.23 (0.13)
Epoch: [039][00025/00100]	Time 0.30 (0.32)	Loss 0.04 (0.20)
		cls_loss 0.01 (0.10)	reg_loss 0.02 (0.11)
Epoch: [039][00030/00100]	Time 0.29 (0.31)	Loss 0.34 (0.23)
		cls_loss 0.16 (0.11)	reg_loss 0.18 (0.12)
Epoch: [039][00035/00100]	Time 0.29 (0.31)	Loss 0.01 (0.20)
		cls_loss 0.00 (0.09)	reg_loss 0.00 (0.10)
Epoch: [039][00040/00100]	Time 0.29 (0.31)	Loss 0.04 (0.18)
		cls_loss 0.01 (0.08)	reg_loss 0.02 (0.09)
Epoch: [039][00045/00100]	Time 0.29 (0.31)	Loss 0.26 (0.19)
		cls_loss 0.12 (0.09)	reg_loss 0.14 (0.10)
Epoch: [039][00050/00100]	Time 0.30 (0.30)	Loss 0.15 (0.18)
		cls_loss 0.09 (0.09)	reg_loss 0.07 (0.09)
Epoch: [039][00055/00100]	Time 0.29 (0.30)	Loss 0.34 (0.20)
		cls_loss 0.17 (0.10)	reg_loss 0.17 (0.10)
Epoch: [039][00060/00100]	Time 0.30 (0.30)	Loss 0.02 (0.18)
		cls_loss 0.01 (0.09)	reg_loss 0.01 (0.09)
Epoch: [039][00065/00100]	Time 0.29 (0.30)	Loss 0.14 (0.18)
		cls_loss 0.07 (0.09)	reg_loss 0.07 (0.09)
Epoch: [039][00070/00100]	Time 0.29 (0.30)	Loss 0.64 (0.21)
		cls_loss 0.40 (0.11)	reg_loss 0.24 (0.10)
Epoch: [039][00075/00100]	Time 0.29 (0.30)	Loss 0.21 (0.21)
		cls_loss 0.10 (0.11)	reg_loss 0.11 (0.10)
Epoch: [039][00080/00100]	Time 0.29 (0.30)	Loss 0.03 (0.20)
		cls_loss 0.01 (0.10)	reg_loss 0.01 (0.10)
Epoch: [039][00085/00100]	Time 0.29 (0.30)	Loss 0.07 (0.19)
		cls_loss 0.03 (0.10)	reg_loss 0.04 (0.09)
Epoch: [039][00090/00100]	Time 0.29 (0.30)	Loss 0.19 (0.19)
		cls_loss 0.10 (0.10)	reg_loss 0.09 (0.09)
Epoch: [039][00095/00100]	Time 0.29 (0.30)	Loss 0.54 (0.21)
		cls_loss 0.26 (0.11)	reg_loss 0.28 (0.10)
[Train]: Epoch 39 finished with lr=0.00000001

All done!
